
*** Running vivado
    with args -log design_1_xbar_2.vds -m64 -product Vivado -mode batch -messageDb vivado.pb -notrace -source design_1_xbar_2.tcl


****** Vivado v2018.3 (64-bit)
  **** SW Build 2405991 on Thu Dec  6 23:38:27 MST 2018
  **** IP Build 2404404 on Fri Dec  7 01:43:56 MST 2018
    ** Copyright 1986-2018 Xilinx, Inc. All Rights Reserved.

source design_1_xbar_2.tcl -notrace
INFO: [IP_Flow 19-234] Refreshing IP repositories
INFO: [IP_Flow 19-1700] Loaded user IP repository 'e:/UofTCourse/ECE532/Assignment/ip_repo'.
INFO: [IP_Flow 19-1700] Loaded user IP repository 'e:/UofTCourse/ECE532/project/ip_repo'.
INFO: [IP_Flow 19-2313] Loaded Vivado IP repository 'D:/Xilinx/Vivado/2018.3/data/ip'.
Command: synth_design -top design_1_xbar_2 -part xc7a100tcsg324-1 -mode out_of_context
Starting synth_design
Attempting to get a license for feature 'Synthesis' and/or device 'xc7a100t'
INFO: [Common 17-349] Got license for feature 'Synthesis' and/or device 'xc7a100t'
INFO: Launching helper process for spawning children vivado processes
INFO: Helper process launched with PID 17472 
---------------------------------------------------------------------------------
Starting RTL Elaboration : Time (s): cpu = 00:00:11 ; elapsed = 00:00:15 . Memory (MB): peak = 501.453 ; gain = 103.844
---------------------------------------------------------------------------------
INFO: [Synth 8-6157] synthesizing module 'design_1_xbar_2' [e:/UofTCourse/ECE532/Assignment/proj3/proj_p3.srcs/sources_1/bd/design_1/ip/design_1_xbar_2/synth/design_1_xbar_2.v:59]
INFO: [Synth 8-6157] synthesizing module 'axi_crossbar_v2_1_19_axi_crossbar' [e:/UofTCourse/ECE532/Assignment/proj3/proj_p3.srcs/sources_1/bd/design_1/ipshared/6c9d/hdl/axi_crossbar_v2_1_vl_rfs.v:4884]
	Parameter C_FAMILY bound to: artix7 - type: string 
	Parameter C_NUM_SLAVE_SLOTS bound to: 3 - type: integer 
	Parameter C_NUM_MASTER_SLOTS bound to: 2 - type: integer 
	Parameter C_AXI_ID_WIDTH bound to: 1 - type: integer 
	Parameter C_AXI_ADDR_WIDTH bound to: 32 - type: integer 
	Parameter C_AXI_DATA_WIDTH bound to: 32 - type: integer 
	Parameter C_AXI_PROTOCOL bound to: 2 - type: integer 
	Parameter C_NUM_ADDR_RANGES bound to: 1 - type: integer 
	Parameter C_M_AXI_BASE_ADDR bound to: 128'b00000000000000000000000000000000010001001010000000000000000000000000000000000000000000000000000001000000000000000000000000000000 
	Parameter C_M_AXI_ADDR_WIDTH bound to: 64'b0000000000000000000000000001000000000000000000000000000000001100 
	Parameter C_S_AXI_BASE_ID bound to: 96'b000000000000000000000000000000100000000000000000000000000000000100000000000000000000000000000000 
	Parameter C_S_AXI_THREAD_ID_WIDTH bound to: 96'b000000000000000000000000000000000000000000000000000000000000000000000000000000000000000000000000 
	Parameter C_AXI_SUPPORTS_USER_SIGNALS bound to: 0 - type: integer 
	Parameter C_AXI_AWUSER_WIDTH bound to: 1 - type: integer 
	Parameter C_AXI_ARUSER_WIDTH bound to: 1 - type: integer 
	Parameter C_AXI_WUSER_WIDTH bound to: 1 - type: integer 
	Parameter C_AXI_RUSER_WIDTH bound to: 1 - type: integer 
	Parameter C_AXI_BUSER_WIDTH bound to: 1 - type: integer 
	Parameter C_M_AXI_WRITE_CONNECTIVITY bound to: 64'b0000000000000000000000000000011100000000000000000000000000000111 
	Parameter C_M_AXI_READ_CONNECTIVITY bound to: 64'b0000000000000000000000000000011100000000000000000000000000000111 
	Parameter C_R_REGISTER bound to: 1 - type: integer 
	Parameter C_S_AXI_SINGLE_THREAD bound to: 96'b000000000000000000000000000000010000000000000000000000000000000100000000000000000000000000000001 
	Parameter C_S_AXI_WRITE_ACCEPTANCE bound to: 96'b000000000000000000000000000000010000000000000000000000000000000100000000000000000000000000000001 
	Parameter C_S_AXI_READ_ACCEPTANCE bound to: 96'b000000000000000000000000000000010000000000000000000000000000000100000000000000000000000000000001 
	Parameter C_M_AXI_WRITE_ISSUING bound to: 64'b0000000000000000000000000000000100000000000000000000000000000001 
	Parameter C_M_AXI_READ_ISSUING bound to: 64'b0000000000000000000000000000000100000000000000000000000000000001 
	Parameter C_S_AXI_ARB_PRIORITY bound to: 96'b000000000000000000000000000000000000000000000000000000000000000000000000000000000000000000000000 
	Parameter C_M_AXI_SECURE bound to: 64'b0000000000000000000000000000000000000000000000000000000000000000 
	Parameter C_CONNECTIVITY_MODE bound to: 0 - type: integer 
	Parameter P_ONES bound to: 65'b11111111111111111111111111111111111111111111111111111111111111111 
	Parameter P_S_AXI_BASE_ID bound to: 192'b000000000000000000000000000000000000000000000000000000000000000000000000000000000000000000000000000000000000000000000000000000010000000000000000000000000000000000000000000000000000000000000000 
	Parameter P_S_AXI_HIGH_ID bound to: 192'b000000000000000000000000000000000000000000000000000000000000000000000000000000000000000000000000000000000000000000000000000000010000000000000000000000000000000000000000000000000000000000000000 
	Parameter P_AXI4 bound to: 0 - type: integer 
	Parameter P_AXI3 bound to: 1 - type: integer 
	Parameter P_AXILITE bound to: 2 - type: integer 
	Parameter P_AXILITE_SIZE bound to: 3'b010 
	Parameter P_INCR bound to: 2'b01 
	Parameter P_M_AXI_SUPPORTS_WRITE bound to: 2'b11 
	Parameter P_M_AXI_SUPPORTS_READ bound to: 2'b11 
	Parameter P_S_AXI_SUPPORTS_WRITE bound to: 3'b111 
	Parameter P_S_AXI_SUPPORTS_READ bound to: 3'b111 
	Parameter C_DEBUG bound to: 1 - type: integer 
	Parameter P_RANGE_CHECK bound to: 1 - type: integer 
	Parameter P_ADDR_DECODE bound to: 1 - type: integer 
	Parameter P_M_AXI_ERR_MODE bound to: 64'b0000000000000000000000000000000000000000000000000000000000000000 
	Parameter P_LEN bound to: 8 - type: integer 
	Parameter P_LOCK bound to: 1 - type: integer 
	Parameter P_FAMILY bound to: artix7 - type: string 
INFO: [Synth 8-6157] synthesizing module 'axi_crossbar_v2_1_19_crossbar_sasd' [e:/UofTCourse/ECE532/Assignment/proj3/proj_p3.srcs/sources_1/bd/design_1/ipshared/6c9d/hdl/axi_crossbar_v2_1_vl_rfs.v:1240]
	Parameter C_FAMILY bound to: artix7 - type: string 
	Parameter C_NUM_SLAVE_SLOTS bound to: 3 - type: integer 
	Parameter C_NUM_MASTER_SLOTS bound to: 2 - type: integer 
	Parameter C_NUM_ADDR_RANGES bound to: 1 - type: integer 
	Parameter C_AXI_ID_WIDTH bound to: 1 - type: integer 
	Parameter C_AXI_ADDR_WIDTH bound to: 32 - type: integer 
	Parameter C_AXI_DATA_WIDTH bound to: 32 - type: integer 
	Parameter C_AXI_PROTOCOL bound to: 2 - type: integer 
	Parameter C_M_AXI_BASE_ADDR bound to: 128'b00000000000000000000000000000000010001001010000000000000000000000000000000000000000000000000000001000000000000000000000000000000 
	Parameter C_M_AXI_HIGH_ADDR bound to: 128'b00000000000000000000000000000000010001001010000011111111111111110000000000000000000000000000000001000000000000000000111111111111 
	Parameter C_S_AXI_BASE_ID bound to: 192'b000000000000000000000000000000000000000000000000000000000000000000000000000000000000000000000000000000000000000000000000000000010000000000000000000000000000000000000000000000000000000000000000 
	Parameter C_S_AXI_HIGH_ID bound to: 192'b000000000000000000000000000000000000000000000000000000000000000000000000000000000000000000000000000000000000000000000000000000010000000000000000000000000000000000000000000000000000000000000000 
	Parameter C_AXI_SUPPORTS_USER_SIGNALS bound to: 0 - type: integer 
	Parameter C_AXI_AWUSER_WIDTH bound to: 1 - type: integer 
	Parameter C_AXI_ARUSER_WIDTH bound to: 1 - type: integer 
	Parameter C_AXI_WUSER_WIDTH bound to: 1 - type: integer 
	Parameter C_AXI_RUSER_WIDTH bound to: 1 - type: integer 
	Parameter C_AXI_BUSER_WIDTH bound to: 1 - type: integer 
	Parameter C_S_AXI_SUPPORTS_WRITE bound to: 3'b111 
	Parameter C_S_AXI_SUPPORTS_READ bound to: 3'b111 
	Parameter C_M_AXI_SUPPORTS_WRITE bound to: 2'b11 
	Parameter C_M_AXI_SUPPORTS_READ bound to: 2'b11 
	Parameter C_S_AXI_ARB_PRIORITY bound to: 96'b000000000000000000000000000000000000000000000000000000000000000000000000000000000000000000000000 
	Parameter C_M_AXI_SECURE bound to: 64'b0000000000000000000000000000000000000000000000000000000000000000 
	Parameter C_M_AXI_ERR_MODE bound to: 64'b0000000000000000000000000000000000000000000000000000000000000000 
	Parameter C_R_REGISTER bound to: 1 - type: integer 
	Parameter C_RANGE_CHECK bound to: 1 - type: integer 
	Parameter C_ADDR_DECODE bound to: 1 - type: integer 
	Parameter C_DEBUG bound to: 1 - type: integer 
	Parameter P_AXI4 bound to: 0 - type: integer 
	Parameter P_AXI3 bound to: 1 - type: integer 
	Parameter P_AXILITE bound to: 2 - type: integer 
	Parameter P_NUM_MASTER_SLOTS_DE bound to: 3 - type: integer 
	Parameter P_NUM_MASTER_SLOTS_LOG bound to: 1 - type: integer 
	Parameter P_NUM_MASTER_SLOTS_DE_LOG bound to: 2 - type: integer 
	Parameter P_NUM_SLAVE_SLOTS_LOG bound to: 2 - type: integer 
	Parameter P_AXI_AUSER_WIDTH bound to: 1 - type: integer 
	Parameter P_AXI_WID_WIDTH bound to: 1 - type: integer 
	Parameter P_AMESG_WIDTH bound to: 64 - type: integer 
	Parameter P_BMESG_WIDTH bound to: 3 - type: integer 
	Parameter P_RMESG_WIDTH bound to: 36 - type: integer 
	Parameter P_WMESG_WIDTH bound to: 39 - type: integer 
	Parameter P_AXILITE_ERRMODE bound to: 1 - type: integer 
	Parameter P_NONSECURE_BIT bound to: 1 - type: integer 
	Parameter P_M_SECURE_MASK bound to: 2'b00 
	Parameter P_M_AXILITE_MASK bound to: 2'b00 
	Parameter P_FIXED bound to: 2'b00 
	Parameter P_BYPASS bound to: 0 - type: integer 
	Parameter P_LIGHTWT bound to: 7 - type: integer 
	Parameter P_FULLY_REG bound to: 1 - type: integer 
	Parameter P_R_REG_CONFIG bound to: 1 - type: integer 
	Parameter P_DECERR bound to: 2'b11 
INFO: [Synth 8-6157] synthesizing module 'axi_crossbar_v2_1_19_addr_decoder' [e:/UofTCourse/ECE532/Assignment/proj3/proj_p3.srcs/sources_1/bd/design_1/ipshared/6c9d/hdl/axi_crossbar_v2_1_vl_rfs.v:794]
	Parameter C_FAMILY bound to: artix7 - type: string 
	Parameter C_NUM_TARGETS bound to: 2 - type: integer 
	Parameter C_NUM_TARGETS_LOG bound to: 1 - type: integer 
	Parameter C_NUM_RANGES bound to: 1 - type: integer 
	Parameter C_ADDR_WIDTH bound to: 32 - type: integer 
	Parameter C_TARGET_ENC bound to: 1 - type: integer 
	Parameter C_TARGET_HOT bound to: 1 - type: integer 
	Parameter C_REGION_ENC bound to: 1 - type: integer 
	Parameter C_BASE_ADDR bound to: 128'b00000000000000000000000000000000010001001010000000000000000000000000000000000000000000000000000001000000000000000000000000000000 
	Parameter C_HIGH_ADDR bound to: 128'b00000000000000000000000000000000010001001010000011111111111111110000000000000000000000000000000001000000000000000000111111111111 
	Parameter C_TARGET_QUAL bound to: 3'b011 
	Parameter C_RESOLUTION bound to: 2 - type: integer 
	Parameter C_COMPARATOR_THRESHOLD bound to: 6 - type: integer 
INFO: [Synth 8-6157] synthesizing module 'generic_baseblocks_v2_1_0_comparator_static' [e:/UofTCourse/ECE532/Assignment/proj3/proj_p3.srcs/sources_1/bd/design_1/ipshared/b752/hdl/generic_baseblocks_v2_1_vl_rfs.v:2133]
	Parameter C_FAMILY bound to: rtl - type: string 
	Parameter C_VALUE bound to: 30'b010000000000000000000000000000 
	Parameter C_DATA_WIDTH bound to: 30 - type: integer 
	Parameter C_BITS_PER_LUT bound to: 6 - type: integer 
	Parameter C_NUM_LUT bound to: 5 - type: integer 
	Parameter C_FIX_DATA_WIDTH bound to: 30 - type: integer 
INFO: [Synth 8-6157] synthesizing module 'generic_baseblocks_v2_1_0_carry_and' [e:/UofTCourse/ECE532/Assignment/proj3/proj_p3.srcs/sources_1/bd/design_1/ipshared/b752/hdl/generic_baseblocks_v2_1_vl_rfs.v:62]
	Parameter C_FAMILY bound to: rtl - type: string 
INFO: [Synth 8-6155] done synthesizing module 'generic_baseblocks_v2_1_0_carry_and' (1#1) [e:/UofTCourse/ECE532/Assignment/proj3/proj_p3.srcs/sources_1/bd/design_1/ipshared/b752/hdl/generic_baseblocks_v2_1_vl_rfs.v:62]
INFO: [Synth 8-6155] done synthesizing module 'generic_baseblocks_v2_1_0_comparator_static' (2#1) [e:/UofTCourse/ECE532/Assignment/proj3/proj_p3.srcs/sources_1/bd/design_1/ipshared/b752/hdl/generic_baseblocks_v2_1_vl_rfs.v:2133]
INFO: [Synth 8-6157] synthesizing module 'generic_baseblocks_v2_1_0_comparator_static__parameterized0' [e:/UofTCourse/ECE532/Assignment/proj3/proj_p3.srcs/sources_1/bd/design_1/ipshared/b752/hdl/generic_baseblocks_v2_1_vl_rfs.v:2133]
	Parameter C_FAMILY bound to: rtl - type: string 
	Parameter C_VALUE bound to: 30'b010001001010000000000000000000 
	Parameter C_DATA_WIDTH bound to: 30 - type: integer 
	Parameter C_BITS_PER_LUT bound to: 6 - type: integer 
	Parameter C_NUM_LUT bound to: 5 - type: integer 
	Parameter C_FIX_DATA_WIDTH bound to: 30 - type: integer 
INFO: [Synth 8-6155] done synthesizing module 'generic_baseblocks_v2_1_0_comparator_static__parameterized0' (2#1) [e:/UofTCourse/ECE532/Assignment/proj3/proj_p3.srcs/sources_1/bd/design_1/ipshared/b752/hdl/generic_baseblocks_v2_1_vl_rfs.v:2133]
INFO: [Synth 8-6155] done synthesizing module 'axi_crossbar_v2_1_19_addr_decoder' (3#1) [e:/UofTCourse/ECE532/Assignment/proj3/proj_p3.srcs/sources_1/bd/design_1/ipshared/6c9d/hdl/axi_crossbar_v2_1_vl_rfs.v:794]
INFO: [Synth 8-6157] synthesizing module 'generic_baseblocks_v2_1_0_mux_enc' [e:/UofTCourse/ECE532/Assignment/proj3/proj_p3.srcs/sources_1/bd/design_1/ipshared/b752/hdl/generic_baseblocks_v2_1_vl_rfs.v:2452]
	Parameter C_FAMILY bound to: rtl - type: string 
	Parameter C_RATIO bound to: 3 - type: integer 
	Parameter C_SEL_WIDTH bound to: 2 - type: integer 
	Parameter C_DATA_WIDTH bound to: 1 - type: integer 
INFO: [Synth 8-6155] done synthesizing module 'generic_baseblocks_v2_1_0_mux_enc' (4#1) [e:/UofTCourse/ECE532/Assignment/proj3/proj_p3.srcs/sources_1/bd/design_1/ipshared/b752/hdl/generic_baseblocks_v2_1_vl_rfs.v:2452]
INFO: [Synth 8-6157] synthesizing module 'generic_baseblocks_v2_1_0_mux_enc__parameterized0' [e:/UofTCourse/ECE532/Assignment/proj3/proj_p3.srcs/sources_1/bd/design_1/ipshared/b752/hdl/generic_baseblocks_v2_1_vl_rfs.v:2452]
	Parameter C_FAMILY bound to: rtl - type: string 
	Parameter C_RATIO bound to: 3 - type: integer 
	Parameter C_SEL_WIDTH bound to: 2 - type: integer 
	Parameter C_DATA_WIDTH bound to: 39 - type: integer 
INFO: [Synth 8-6155] done synthesizing module 'generic_baseblocks_v2_1_0_mux_enc__parameterized0' (4#1) [e:/UofTCourse/ECE532/Assignment/proj3/proj_p3.srcs/sources_1/bd/design_1/ipshared/b752/hdl/generic_baseblocks_v2_1_vl_rfs.v:2452]
INFO: [Synth 8-6157] synthesizing module 'axi_crossbar_v2_1_19_decerr_slave' [e:/UofTCourse/ECE532/Assignment/proj3/proj_p3.srcs/sources_1/bd/design_1/ipshared/6c9d/hdl/axi_crossbar_v2_1_vl_rfs.v:3501]
	Parameter C_AXI_ID_WIDTH bound to: 1 - type: integer 
	Parameter C_AXI_DATA_WIDTH bound to: 32 - type: integer 
	Parameter C_AXI_BUSER_WIDTH bound to: 1 - type: integer 
	Parameter C_AXI_RUSER_WIDTH bound to: 1 - type: integer 
	Parameter C_AXI_PROTOCOL bound to: 2 - type: integer 
	Parameter C_RESP bound to: 3 - type: integer 
	Parameter P_WRITE_IDLE bound to: 2'b00 
	Parameter P_WRITE_DATA bound to: 2'b01 
	Parameter P_WRITE_RESP bound to: 2'b10 
	Parameter P_READ_IDLE bound to: 1'b0 
	Parameter P_READ_DATA bound to: 1'b1 
	Parameter P_AXI4 bound to: 0 - type: integer 
	Parameter P_AXI3 bound to: 1 - type: integer 
	Parameter P_AXILITE bound to: 2 - type: integer 
INFO: [Synth 8-6155] done synthesizing module 'axi_crossbar_v2_1_19_decerr_slave' (5#1) [e:/UofTCourse/ECE532/Assignment/proj3/proj_p3.srcs/sources_1/bd/design_1/ipshared/6c9d/hdl/axi_crossbar_v2_1_vl_rfs.v:3501]
INFO: [Synth 8-6157] synthesizing module 'axi_crossbar_v2_1_19_addr_arbiter_sasd' [e:/UofTCourse/ECE532/Assignment/proj3/proj_p3.srcs/sources_1/bd/design_1/ipshared/6c9d/hdl/axi_crossbar_v2_1_vl_rfs.v:65]
	Parameter C_FAMILY bound to: artix7 - type: string 
	Parameter C_NUM_S bound to: 3 - type: integer 
	Parameter C_NUM_S_LOG bound to: 2 - type: integer 
	Parameter C_AMESG_WIDTH bound to: 64 - type: integer 
	Parameter C_GRANT_ENC bound to: 1 - type: integer 
	Parameter C_ARB_PRIORITY bound to: 96'b000000000000000000000000000000000000000000000000000000000000000000000000000000000000000000000000 
	Parameter P_PRIO_MASK bound to: 3'b000 
INFO: [Synth 8-6157] synthesizing module 'generic_baseblocks_v2_1_0_mux_enc__parameterized1' [e:/UofTCourse/ECE532/Assignment/proj3/proj_p3.srcs/sources_1/bd/design_1/ipshared/b752/hdl/generic_baseblocks_v2_1_vl_rfs.v:2452]
	Parameter C_FAMILY bound to: rtl - type: string 
	Parameter C_RATIO bound to: 3 - type: integer 
	Parameter C_SEL_WIDTH bound to: 2 - type: integer 
	Parameter C_DATA_WIDTH bound to: 64 - type: integer 
INFO: [Synth 8-6155] done synthesizing module 'generic_baseblocks_v2_1_0_mux_enc__parameterized1' (5#1) [e:/UofTCourse/ECE532/Assignment/proj3/proj_p3.srcs/sources_1/bd/design_1/ipshared/b752/hdl/generic_baseblocks_v2_1_vl_rfs.v:2452]
INFO: [Synth 8-6155] done synthesizing module 'axi_crossbar_v2_1_19_addr_arbiter_sasd' (6#1) [e:/UofTCourse/ECE532/Assignment/proj3/proj_p3.srcs/sources_1/bd/design_1/ipshared/6c9d/hdl/axi_crossbar_v2_1_vl_rfs.v:65]
INFO: [Synth 8-6157] synthesizing module 'axi_crossbar_v2_1_19_splitter' [e:/UofTCourse/ECE532/Assignment/proj3/proj_p3.srcs/sources_1/bd/design_1/ipshared/6c9d/hdl/axi_crossbar_v2_1_vl_rfs.v:4461]
	Parameter C_NUM_M bound to: 3 - type: integer 
INFO: [Synth 8-6155] done synthesizing module 'axi_crossbar_v2_1_19_splitter' (7#1) [e:/UofTCourse/ECE532/Assignment/proj3/proj_p3.srcs/sources_1/bd/design_1/ipshared/6c9d/hdl/axi_crossbar_v2_1_vl_rfs.v:4461]
INFO: [Synth 8-6157] synthesizing module 'axi_crossbar_v2_1_19_splitter__parameterized0' [e:/UofTCourse/ECE532/Assignment/proj3/proj_p3.srcs/sources_1/bd/design_1/ipshared/6c9d/hdl/axi_crossbar_v2_1_vl_rfs.v:4461]
	Parameter C_NUM_M bound to: 2 - type: integer 
INFO: [Synth 8-6155] done synthesizing module 'axi_crossbar_v2_1_19_splitter__parameterized0' (7#1) [e:/UofTCourse/ECE532/Assignment/proj3/proj_p3.srcs/sources_1/bd/design_1/ipshared/6c9d/hdl/axi_crossbar_v2_1_vl_rfs.v:4461]
INFO: [Synth 8-6157] synthesizing module 'generic_baseblocks_v2_1_0_mux_enc__parameterized2' [e:/UofTCourse/ECE532/Assignment/proj3/proj_p3.srcs/sources_1/bd/design_1/ipshared/b752/hdl/generic_baseblocks_v2_1_vl_rfs.v:2452]
	Parameter C_FAMILY bound to: rtl - type: string 
	Parameter C_RATIO bound to: 3 - type: integer 
	Parameter C_SEL_WIDTH bound to: 2 - type: integer 
	Parameter C_DATA_WIDTH bound to: 36 - type: integer 
INFO: [Synth 8-6155] done synthesizing module 'generic_baseblocks_v2_1_0_mux_enc__parameterized2' (7#1) [e:/UofTCourse/ECE532/Assignment/proj3/proj_p3.srcs/sources_1/bd/design_1/ipshared/b752/hdl/generic_baseblocks_v2_1_vl_rfs.v:2452]
INFO: [Synth 8-6157] synthesizing module 'axi_register_slice_v2_1_18_axic_register_slice' [e:/UofTCourse/ECE532/Assignment/proj3/proj_p3.srcs/sources_1/bd/design_1/ipshared/cc23/hdl/axi_register_slice_v2_1_vl_rfs.v:409]
	Parameter C_FAMILY bound to: artix7 - type: string 
	Parameter C_DATA_WIDTH bound to: 36 - type: integer 
	Parameter C_REG_CONFIG bound to: 1 - type: integer 
INFO: [Synth 8-6155] done synthesizing module 'axi_register_slice_v2_1_18_axic_register_slice' (8#1) [e:/UofTCourse/ECE532/Assignment/proj3/proj_p3.srcs/sources_1/bd/design_1/ipshared/cc23/hdl/axi_register_slice_v2_1_vl_rfs.v:409]
INFO: [Synth 8-6157] synthesizing module 'generic_baseblocks_v2_1_0_mux_enc__parameterized3' [e:/UofTCourse/ECE532/Assignment/proj3/proj_p3.srcs/sources_1/bd/design_1/ipshared/b752/hdl/generic_baseblocks_v2_1_vl_rfs.v:2452]
	Parameter C_FAMILY bound to: rtl - type: string 
	Parameter C_RATIO bound to: 3 - type: integer 
	Parameter C_SEL_WIDTH bound to: 2 - type: integer 
	Parameter C_DATA_WIDTH bound to: 3 - type: integer 
INFO: [Synth 8-6155] done synthesizing module 'generic_baseblocks_v2_1_0_mux_enc__parameterized3' (8#1) [e:/UofTCourse/ECE532/Assignment/proj3/proj_p3.srcs/sources_1/bd/design_1/ipshared/b752/hdl/generic_baseblocks_v2_1_vl_rfs.v:2452]
WARNING: [Synth 8-6014] Unused sequential element gen_debug_trans_seq.debug_aw_trans_seq_i_reg was removed.  [e:/UofTCourse/ECE532/Assignment/proj3/proj_p3.srcs/sources_1/bd/design_1/ipshared/6c9d/hdl/axi_crossbar_v2_1_vl_rfs.v:2056]
WARNING: [Synth 8-6014] Unused sequential element gen_debug_trans_seq.debug_ar_trans_seq_i_reg was removed.  [e:/UofTCourse/ECE532/Assignment/proj3/proj_p3.srcs/sources_1/bd/design_1/ipshared/6c9d/hdl/axi_crossbar_v2_1_vl_rfs.v:2067]
WARNING: [Synth 8-6014] Unused sequential element gen_debug_trans_seq.debug_w_beat_cnt_i_reg was removed.  [e:/UofTCourse/ECE532/Assignment/proj3/proj_p3.srcs/sources_1/bd/design_1/ipshared/6c9d/hdl/axi_crossbar_v2_1_vl_rfs.v:2078]
WARNING: [Synth 8-6014] Unused sequential element gen_debug_trans_seq.debug_r_beat_cnt_i_reg was removed.  [e:/UofTCourse/ECE532/Assignment/proj3/proj_p3.srcs/sources_1/bd/design_1/ipshared/6c9d/hdl/axi_crossbar_v2_1_vl_rfs.v:2091]
INFO: [Synth 8-6155] done synthesizing module 'axi_crossbar_v2_1_19_crossbar_sasd' (9#1) [e:/UofTCourse/ECE532/Assignment/proj3/proj_p3.srcs/sources_1/bd/design_1/ipshared/6c9d/hdl/axi_crossbar_v2_1_vl_rfs.v:1240]
INFO: [Synth 8-6155] done synthesizing module 'axi_crossbar_v2_1_19_axi_crossbar' (10#1) [e:/UofTCourse/ECE532/Assignment/proj3/proj_p3.srcs/sources_1/bd/design_1/ipshared/6c9d/hdl/axi_crossbar_v2_1_vl_rfs.v:4884]
INFO: [Synth 8-6155] done synthesizing module 'design_1_xbar_2' (11#1) [e:/UofTCourse/ECE532/Assignment/proj3/proj_p3.srcs/sources_1/bd/design_1/ip/design_1_xbar_2/synth/design_1_xbar_2.v:59]
WARNING: [Synth 8-3331] design axi_crossbar_v2_1_19_decerr_slave has unconnected port S_AXI_AWID[0]
WARNING: [Synth 8-3331] design axi_crossbar_v2_1_19_decerr_slave has unconnected port S_AXI_WLAST
WARNING: [Synth 8-3331] design axi_crossbar_v2_1_19_decerr_slave has unconnected port S_AXI_ARID[0]
WARNING: [Synth 8-3331] design axi_crossbar_v2_1_19_decerr_slave has unconnected port S_AXI_ARLEN[7]
WARNING: [Synth 8-3331] design axi_crossbar_v2_1_19_decerr_slave has unconnected port S_AXI_ARLEN[6]
WARNING: [Synth 8-3331] design axi_crossbar_v2_1_19_decerr_slave has unconnected port S_AXI_ARLEN[5]
WARNING: [Synth 8-3331] design axi_crossbar_v2_1_19_decerr_slave has unconnected port S_AXI_ARLEN[4]
WARNING: [Synth 8-3331] design axi_crossbar_v2_1_19_decerr_slave has unconnected port S_AXI_ARLEN[3]
WARNING: [Synth 8-3331] design axi_crossbar_v2_1_19_decerr_slave has unconnected port S_AXI_ARLEN[2]
WARNING: [Synth 8-3331] design axi_crossbar_v2_1_19_decerr_slave has unconnected port S_AXI_ARLEN[1]
WARNING: [Synth 8-3331] design axi_crossbar_v2_1_19_decerr_slave has unconnected port S_AXI_ARLEN[0]
WARNING: [Synth 8-3331] design axi_crossbar_v2_1_19_addr_decoder has unconnected port ADDR[1]
WARNING: [Synth 8-3331] design axi_crossbar_v2_1_19_addr_decoder has unconnected port ADDR[0]
WARNING: [Synth 8-3331] design axi_crossbar_v2_1_19_crossbar_sasd has unconnected port S_AXI_AWID[2]
WARNING: [Synth 8-3331] design axi_crossbar_v2_1_19_crossbar_sasd has unconnected port S_AXI_AWID[1]
WARNING: [Synth 8-3331] design axi_crossbar_v2_1_19_crossbar_sasd has unconnected port S_AXI_AWID[0]
WARNING: [Synth 8-3331] design axi_crossbar_v2_1_19_crossbar_sasd has unconnected port S_AXI_WID[2]
WARNING: [Synth 8-3331] design axi_crossbar_v2_1_19_crossbar_sasd has unconnected port S_AXI_WID[1]
WARNING: [Synth 8-3331] design axi_crossbar_v2_1_19_crossbar_sasd has unconnected port S_AXI_WID[0]
WARNING: [Synth 8-3331] design axi_crossbar_v2_1_19_crossbar_sasd has unconnected port S_AXI_ARID[2]
WARNING: [Synth 8-3331] design axi_crossbar_v2_1_19_crossbar_sasd has unconnected port S_AXI_ARID[1]
WARNING: [Synth 8-3331] design axi_crossbar_v2_1_19_crossbar_sasd has unconnected port S_AXI_ARID[0]
WARNING: [Synth 8-3331] design axi_crossbar_v2_1_19_crossbar_sasd has unconnected port M_AXI_BID[1]
WARNING: [Synth 8-3331] design axi_crossbar_v2_1_19_crossbar_sasd has unconnected port M_AXI_BID[0]
WARNING: [Synth 8-3331] design axi_crossbar_v2_1_19_crossbar_sasd has unconnected port M_AXI_RID[1]
WARNING: [Synth 8-3331] design axi_crossbar_v2_1_19_crossbar_sasd has unconnected port M_AXI_RID[0]
WARNING: [Synth 8-3331] design axi_crossbar_v2_1_19_axi_crossbar has unconnected port s_axi_awid[2]
WARNING: [Synth 8-3331] design axi_crossbar_v2_1_19_axi_crossbar has unconnected port s_axi_awid[1]
WARNING: [Synth 8-3331] design axi_crossbar_v2_1_19_axi_crossbar has unconnected port s_axi_awid[0]
WARNING: [Synth 8-3331] design axi_crossbar_v2_1_19_axi_crossbar has unconnected port s_axi_awlen[23]
WARNING: [Synth 8-3331] design axi_crossbar_v2_1_19_axi_crossbar has unconnected port s_axi_awlen[22]
WARNING: [Synth 8-3331] design axi_crossbar_v2_1_19_axi_crossbar has unconnected port s_axi_awlen[21]
WARNING: [Synth 8-3331] design axi_crossbar_v2_1_19_axi_crossbar has unconnected port s_axi_awlen[20]
WARNING: [Synth 8-3331] design axi_crossbar_v2_1_19_axi_crossbar has unconnected port s_axi_awlen[19]
WARNING: [Synth 8-3331] design axi_crossbar_v2_1_19_axi_crossbar has unconnected port s_axi_awlen[18]
WARNING: [Synth 8-3331] design axi_crossbar_v2_1_19_axi_crossbar has unconnected port s_axi_awlen[17]
WARNING: [Synth 8-3331] design axi_crossbar_v2_1_19_axi_crossbar has unconnected port s_axi_awlen[16]
WARNING: [Synth 8-3331] design axi_crossbar_v2_1_19_axi_crossbar has unconnected port s_axi_awlen[15]
WARNING: [Synth 8-3331] design axi_crossbar_v2_1_19_axi_crossbar has unconnected port s_axi_awlen[14]
WARNING: [Synth 8-3331] design axi_crossbar_v2_1_19_axi_crossbar has unconnected port s_axi_awlen[13]
WARNING: [Synth 8-3331] design axi_crossbar_v2_1_19_axi_crossbar has unconnected port s_axi_awlen[12]
WARNING: [Synth 8-3331] design axi_crossbar_v2_1_19_axi_crossbar has unconnected port s_axi_awlen[11]
WARNING: [Synth 8-3331] design axi_crossbar_v2_1_19_axi_crossbar has unconnected port s_axi_awlen[10]
WARNING: [Synth 8-3331] design axi_crossbar_v2_1_19_axi_crossbar has unconnected port s_axi_awlen[9]
WARNING: [Synth 8-3331] design axi_crossbar_v2_1_19_axi_crossbar has unconnected port s_axi_awlen[8]
WARNING: [Synth 8-3331] design axi_crossbar_v2_1_19_axi_crossbar has unconnected port s_axi_awlen[7]
WARNING: [Synth 8-3331] design axi_crossbar_v2_1_19_axi_crossbar has unconnected port s_axi_awlen[6]
WARNING: [Synth 8-3331] design axi_crossbar_v2_1_19_axi_crossbar has unconnected port s_axi_awlen[5]
WARNING: [Synth 8-3331] design axi_crossbar_v2_1_19_axi_crossbar has unconnected port s_axi_awlen[4]
WARNING: [Synth 8-3331] design axi_crossbar_v2_1_19_axi_crossbar has unconnected port s_axi_awlen[3]
WARNING: [Synth 8-3331] design axi_crossbar_v2_1_19_axi_crossbar has unconnected port s_axi_awlen[2]
WARNING: [Synth 8-3331] design axi_crossbar_v2_1_19_axi_crossbar has unconnected port s_axi_awlen[1]
WARNING: [Synth 8-3331] design axi_crossbar_v2_1_19_axi_crossbar has unconnected port s_axi_awlen[0]
WARNING: [Synth 8-3331] design axi_crossbar_v2_1_19_axi_crossbar has unconnected port s_axi_awsize[8]
WARNING: [Synth 8-3331] design axi_crossbar_v2_1_19_axi_crossbar has unconnected port s_axi_awsize[7]
WARNING: [Synth 8-3331] design axi_crossbar_v2_1_19_axi_crossbar has unconnected port s_axi_awsize[6]
WARNING: [Synth 8-3331] design axi_crossbar_v2_1_19_axi_crossbar has unconnected port s_axi_awsize[5]
WARNING: [Synth 8-3331] design axi_crossbar_v2_1_19_axi_crossbar has unconnected port s_axi_awsize[4]
WARNING: [Synth 8-3331] design axi_crossbar_v2_1_19_axi_crossbar has unconnected port s_axi_awsize[3]
WARNING: [Synth 8-3331] design axi_crossbar_v2_1_19_axi_crossbar has unconnected port s_axi_awsize[2]
WARNING: [Synth 8-3331] design axi_crossbar_v2_1_19_axi_crossbar has unconnected port s_axi_awsize[1]
WARNING: [Synth 8-3331] design axi_crossbar_v2_1_19_axi_crossbar has unconnected port s_axi_awsize[0]
WARNING: [Synth 8-3331] design axi_crossbar_v2_1_19_axi_crossbar has unconnected port s_axi_awburst[5]
WARNING: [Synth 8-3331] design axi_crossbar_v2_1_19_axi_crossbar has unconnected port s_axi_awburst[4]
WARNING: [Synth 8-3331] design axi_crossbar_v2_1_19_axi_crossbar has unconnected port s_axi_awburst[3]
WARNING: [Synth 8-3331] design axi_crossbar_v2_1_19_axi_crossbar has unconnected port s_axi_awburst[2]
WARNING: [Synth 8-3331] design axi_crossbar_v2_1_19_axi_crossbar has unconnected port s_axi_awburst[1]
WARNING: [Synth 8-3331] design axi_crossbar_v2_1_19_axi_crossbar has unconnected port s_axi_awburst[0]
WARNING: [Synth 8-3331] design axi_crossbar_v2_1_19_axi_crossbar has unconnected port s_axi_awlock[2]
WARNING: [Synth 8-3331] design axi_crossbar_v2_1_19_axi_crossbar has unconnected port s_axi_awlock[1]
WARNING: [Synth 8-3331] design axi_crossbar_v2_1_19_axi_crossbar has unconnected port s_axi_awlock[0]
WARNING: [Synth 8-3331] design axi_crossbar_v2_1_19_axi_crossbar has unconnected port s_axi_awcache[11]
WARNING: [Synth 8-3331] design axi_crossbar_v2_1_19_axi_crossbar has unconnected port s_axi_awcache[10]
WARNING: [Synth 8-3331] design axi_crossbar_v2_1_19_axi_crossbar has unconnected port s_axi_awcache[9]
WARNING: [Synth 8-3331] design axi_crossbar_v2_1_19_axi_crossbar has unconnected port s_axi_awcache[8]
WARNING: [Synth 8-3331] design axi_crossbar_v2_1_19_axi_crossbar has unconnected port s_axi_awcache[7]
WARNING: [Synth 8-3331] design axi_crossbar_v2_1_19_axi_crossbar has unconnected port s_axi_awcache[6]
WARNING: [Synth 8-3331] design axi_crossbar_v2_1_19_axi_crossbar has unconnected port s_axi_awcache[5]
WARNING: [Synth 8-3331] design axi_crossbar_v2_1_19_axi_crossbar has unconnected port s_axi_awcache[4]
WARNING: [Synth 8-3331] design axi_crossbar_v2_1_19_axi_crossbar has unconnected port s_axi_awcache[3]
WARNING: [Synth 8-3331] design axi_crossbar_v2_1_19_axi_crossbar has unconnected port s_axi_awcache[2]
WARNING: [Synth 8-3331] design axi_crossbar_v2_1_19_axi_crossbar has unconnected port s_axi_awcache[1]
WARNING: [Synth 8-3331] design axi_crossbar_v2_1_19_axi_crossbar has unconnected port s_axi_awcache[0]
WARNING: [Synth 8-3331] design axi_crossbar_v2_1_19_axi_crossbar has unconnected port s_axi_awqos[11]
WARNING: [Synth 8-3331] design axi_crossbar_v2_1_19_axi_crossbar has unconnected port s_axi_awqos[10]
WARNING: [Synth 8-3331] design axi_crossbar_v2_1_19_axi_crossbar has unconnected port s_axi_awqos[9]
WARNING: [Synth 8-3331] design axi_crossbar_v2_1_19_axi_crossbar has unconnected port s_axi_awqos[8]
WARNING: [Synth 8-3331] design axi_crossbar_v2_1_19_axi_crossbar has unconnected port s_axi_awqos[7]
WARNING: [Synth 8-3331] design axi_crossbar_v2_1_19_axi_crossbar has unconnected port s_axi_awqos[6]
WARNING: [Synth 8-3331] design axi_crossbar_v2_1_19_axi_crossbar has unconnected port s_axi_awqos[5]
WARNING: [Synth 8-3331] design axi_crossbar_v2_1_19_axi_crossbar has unconnected port s_axi_awqos[4]
WARNING: [Synth 8-3331] design axi_crossbar_v2_1_19_axi_crossbar has unconnected port s_axi_awqos[3]
WARNING: [Synth 8-3331] design axi_crossbar_v2_1_19_axi_crossbar has unconnected port s_axi_awqos[2]
WARNING: [Synth 8-3331] design axi_crossbar_v2_1_19_axi_crossbar has unconnected port s_axi_awqos[1]
WARNING: [Synth 8-3331] design axi_crossbar_v2_1_19_axi_crossbar has unconnected port s_axi_awqos[0]
WARNING: [Synth 8-3331] design axi_crossbar_v2_1_19_axi_crossbar has unconnected port s_axi_awuser[2]
WARNING: [Synth 8-3331] design axi_crossbar_v2_1_19_axi_crossbar has unconnected port s_axi_awuser[1]
WARNING: [Synth 8-3331] design axi_crossbar_v2_1_19_axi_crossbar has unconnected port s_axi_awuser[0]
WARNING: [Synth 8-3331] design axi_crossbar_v2_1_19_axi_crossbar has unconnected port s_axi_wid[2]
WARNING: [Synth 8-3331] design axi_crossbar_v2_1_19_axi_crossbar has unconnected port s_axi_wid[1]
INFO: [Common 17-14] Message 'Synth 8-3331' appears 100 times and further instances of the messages will be disabled. Use the Tcl command set_msg_config to change the current settings.
---------------------------------------------------------------------------------
Finished RTL Elaboration : Time (s): cpu = 00:00:22 ; elapsed = 00:00:28 . Memory (MB): peak = 657.562 ; gain = 259.953
---------------------------------------------------------------------------------

Report Check Netlist: 
+------+------------------+-------+---------+-------+------------------+
|      |Item              |Errors |Warnings |Status |Description       |
+------+------------------+-------+---------+-------+------------------+
|1     |multi_driven_nets |      0|        0|Passed |Multi driven nets |
+------+------------------+-------+---------+-------+------------------+
---------------------------------------------------------------------------------
Start Handling Custom Attributes
---------------------------------------------------------------------------------
---------------------------------------------------------------------------------
Finished Handling Custom Attributes : Time (s): cpu = 00:00:22 ; elapsed = 00:00:29 . Memory (MB): peak = 657.562 ; gain = 259.953
---------------------------------------------------------------------------------
---------------------------------------------------------------------------------
Finished RTL Optimization Phase 1 : Time (s): cpu = 00:00:22 ; elapsed = 00:00:29 . Memory (MB): peak = 657.562 ; gain = 259.953
---------------------------------------------------------------------------------
INFO: [Device 21-403] Loading part xc7a100tcsg324-1
INFO: [Project 1-570] Preparing netlist for logic optimization

Processing XDC Constraints
Initializing timing engine
Parsing XDC File [e:/UofTCourse/ECE532/Assignment/proj3/proj_p3.srcs/sources_1/bd/design_1/ip/design_1_xbar_2/design_1_xbar_2_ooc.xdc] for cell 'inst'
Finished Parsing XDC File [e:/UofTCourse/ECE532/Assignment/proj3/proj_p3.srcs/sources_1/bd/design_1/ip/design_1_xbar_2/design_1_xbar_2_ooc.xdc] for cell 'inst'
Parsing XDC File [E:/UofTCourse/ECE532/Assignment/proj3/proj_p3.runs/design_1_xbar_2_synth_1/dont_touch.xdc]
Finished Parsing XDC File [E:/UofTCourse/ECE532/Assignment/proj3/proj_p3.runs/design_1_xbar_2_synth_1/dont_touch.xdc]
Completed Processing XDC Constraints

Netlist sorting complete. Time (s): cpu = 00:00:00 ; elapsed = 00:00:00.001 . Memory (MB): peak = 900.664 ; gain = 0.000
INFO: [Project 1-111] Unisim Transformation Summary:
No Unisim elements were transformed.

Netlist sorting complete. Time (s): cpu = 00:00:00 ; elapsed = 00:00:00.001 . Memory (MB): peak = 900.664 ; gain = 0.000
Constraint Validation Runtime : Time (s): cpu = 00:00:00 ; elapsed = 00:00:00.151 . Memory (MB): peak = 902.039 ; gain = 1.375
---------------------------------------------------------------------------------
Finished Constraint Validation : Time (s): cpu = 00:00:40 ; elapsed = 00:00:52 . Memory (MB): peak = 902.039 ; gain = 504.430
---------------------------------------------------------------------------------
---------------------------------------------------------------------------------
Start Loading Part and Timing Information
---------------------------------------------------------------------------------
Loading part: xc7a100tcsg324-1
---------------------------------------------------------------------------------
Finished Loading Part and Timing Information : Time (s): cpu = 00:00:40 ; elapsed = 00:00:52 . Memory (MB): peak = 902.039 ; gain = 504.430
---------------------------------------------------------------------------------
---------------------------------------------------------------------------------
Start Applying 'set_property' XDC Constraints
---------------------------------------------------------------------------------
Applied set_property DONT_TOUCH = true for inst. (constraint file  E:/UofTCourse/ECE532/Assignment/proj3/proj_p3.runs/design_1_xbar_2_synth_1/dont_touch.xdc, line 9).
---------------------------------------------------------------------------------
Finished applying 'set_property' XDC Constraints : Time (s): cpu = 00:00:40 ; elapsed = 00:00:52 . Memory (MB): peak = 902.039 ; gain = 504.430
---------------------------------------------------------------------------------
INFO: [Synth 8-5544] ROM "f_mux_return2" won't be mapped to Block RAM because address size (2) smaller than threshold (5)
INFO: [Synth 8-5544] ROM "f_mux_return2" won't be mapped to Block RAM because address size (2) smaller than threshold (5)
INFO: [Synth 8-5544] ROM "f_mux_return1" won't be mapped to Block RAM because address size (2) smaller than threshold (5)
INFO: [Synth 8-5544] ROM "f_mux_return2" won't be mapped to Block RAM because address size (2) smaller than threshold (5)
INFO: [Synth 8-5544] ROM "f_mux_return2" won't be mapped to Block RAM because address size (2) smaller than threshold (5)
INFO: [Synth 8-5544] ROM "f_mux_return1" won't be mapped to Block RAM because address size (2) smaller than threshold (5)
INFO: [Synth 8-4471] merging register 'gen_axilite.s_axi_wready_i_reg' into 'gen_axilite.s_axi_awready_i_reg' [e:/UofTCourse/ECE532/Assignment/proj3/proj_p3.srcs/sources_1/bd/design_1/ipshared/6c9d/hdl/axi_crossbar_v2_1_vl_rfs.v:3574]
INFO: [Synth 8-5544] ROM "f_mux_return2" won't be mapped to Block RAM because address size (2) smaller than threshold (5)
INFO: [Synth 8-5544] ROM "f_mux_return2" won't be mapped to Block RAM because address size (2) smaller than threshold (5)
INFO: [Synth 8-5544] ROM "f_mux_return1" won't be mapped to Block RAM because address size (2) smaller than threshold (5)
INFO: [Synth 8-5544] ROM "f_mux_return2" won't be mapped to Block RAM because address size (2) smaller than threshold (5)
INFO: [Synth 8-5544] ROM "f_mux_return2" won't be mapped to Block RAM because address size (2) smaller than threshold (5)
INFO: [Synth 8-5544] ROM "f_mux_return1" won't be mapped to Block RAM because address size (2) smaller than threshold (5)
INFO: [Synth 8-5544] ROM "f_mux_return2" won't be mapped to Block RAM because address size (2) smaller than threshold (5)
INFO: [Synth 8-5544] ROM "f_mux_return2" won't be mapped to Block RAM because address size (2) smaller than threshold (5)
INFO: [Synth 8-5544] ROM "f_mux_return1" won't be mapped to Block RAM because address size (2) smaller than threshold (5)
---------------------------------------------------------------------------------
Finished RTL Optimization Phase 2 : Time (s): cpu = 00:00:41 ; elapsed = 00:00:53 . Memory (MB): peak = 902.039 ; gain = 504.430
---------------------------------------------------------------------------------

Report RTL Partitions: 
+-+--------------+------------+----------+
| |RTL Partition |Replication |Instances |
+-+--------------+------------+----------+
+-+--------------+------------+----------+
---------------------------------------------------------------------------------
Start RTL Component Statistics 
---------------------------------------------------------------------------------
Detailed RTL Component Info : 
+---Registers : 
	               64 Bit    Registers := 1     
	               36 Bit    Registers := 2     
	                3 Bit    Registers := 7     
	                2 Bit    Registers := 4     
	                1 Bit    Registers := 10    
+---Muxes : 
	   2 Input     64 Bit        Muxes := 3     
	   2 Input     36 Bit        Muxes := 2     
	   2 Input      3 Bit        Muxes := 1     
	   2 Input      2 Bit        Muxes := 2     
	   2 Input      1 Bit        Muxes := 47    
---------------------------------------------------------------------------------
Finished RTL Component Statistics 
---------------------------------------------------------------------------------
---------------------------------------------------------------------------------
Start RTL Hierarchical Component Statistics 
---------------------------------------------------------------------------------
Hierarchical RTL Component report 
Module axi_crossbar_v2_1_19_addr_decoder 
Detailed RTL Component Info : 
+---Muxes : 
	   2 Input      2 Bit        Muxes := 1     
Module generic_baseblocks_v2_1_0_mux_enc 
Detailed RTL Component Info : 
+---Muxes : 
	   2 Input      1 Bit        Muxes := 3     
Module generic_baseblocks_v2_1_0_mux_enc__parameterized0 
Detailed RTL Component Info : 
+---Muxes : 
	   2 Input      1 Bit        Muxes := 3     
Module axi_crossbar_v2_1_19_decerr_slave 
Detailed RTL Component Info : 
+---Registers : 
	                1 Bit    Registers := 4     
+---Muxes : 
	   2 Input      1 Bit        Muxes := 3     
Module generic_baseblocks_v2_1_0_mux_enc__parameterized1 
Detailed RTL Component Info : 
+---Muxes : 
	   2 Input      1 Bit        Muxes := 3     
Module axi_crossbar_v2_1_19_addr_arbiter_sasd 
Detailed RTL Component Info : 
+---Registers : 
	               64 Bit    Registers := 1     
	                3 Bit    Registers := 5     
	                2 Bit    Registers := 1     
	                1 Bit    Registers := 3     
+---Muxes : 
	   2 Input     64 Bit        Muxes := 3     
	   2 Input      1 Bit        Muxes := 7     
Module axi_crossbar_v2_1_19_splitter 
Detailed RTL Component Info : 
+---Registers : 
	                3 Bit    Registers := 1     
Module axi_crossbar_v2_1_19_splitter__parameterized0 
Detailed RTL Component Info : 
+---Registers : 
	                2 Bit    Registers := 1     
Module generic_baseblocks_v2_1_0_mux_enc__parameterized2 
Detailed RTL Component Info : 
+---Muxes : 
	   2 Input      1 Bit        Muxes := 3     
Module axi_register_slice_v2_1_18_axic_register_slice 
Detailed RTL Component Info : 
+---Registers : 
	               36 Bit    Registers := 2     
	                2 Bit    Registers := 1     
	                1 Bit    Registers := 2     
+---Muxes : 
	   2 Input     36 Bit        Muxes := 2     
Module generic_baseblocks_v2_1_0_mux_enc__parameterized3 
Detailed RTL Component Info : 
+---Muxes : 
	   2 Input      1 Bit        Muxes := 3     
Module axi_crossbar_v2_1_19_crossbar_sasd 
Detailed RTL Component Info : 
+---Registers : 
	                3 Bit    Registers := 1     
	                2 Bit    Registers := 1     
	                1 Bit    Registers := 1     
+---Muxes : 
	   2 Input      3 Bit        Muxes := 1     
	   2 Input      2 Bit        Muxes := 1     
	   2 Input      1 Bit        Muxes := 1     
---------------------------------------------------------------------------------
Finished RTL Hierarchical Component Statistics
---------------------------------------------------------------------------------
---------------------------------------------------------------------------------
Start Part Resource Summary
---------------------------------------------------------------------------------
Part Resources:
DSPs: 240 (col length:80)
BRAMs: 270 (col length: RAMB18 80 RAMB36 40)
---------------------------------------------------------------------------------
Finished Part Resource Summary
---------------------------------------------------------------------------------
---------------------------------------------------------------------------------
Start Cross Boundary and Area Optimization
---------------------------------------------------------------------------------
Warning: Parallel synthesis criteria is not met 
INFO: [Synth 8-3936] Found unconnected internal register 'gen_sasd.crossbar_sasd_0/reg_slice_r/m_payload_i_reg' and it is trimmed from '36' to '35' bits. [e:/UofTCourse/ECE532/Assignment/proj3/proj_p3.srcs/sources_1/bd/design_1/ipshared/cc23/hdl/axi_register_slice_v2_1_vl_rfs.v:642]
INFO: [Synth 8-3886] merging instance 'inst/gen_sasd.crossbar_sasd_0/addr_arbiter_inst/gen_arbiter.last_rr_hot_reg[1]' (FDRE) to 'inst/gen_sasd.crossbar_sasd_0/addr_arbiter_inst/gen_arbiter.m_grant_enc_i_reg[0]'
---------------------------------------------------------------------------------
Finished Cross Boundary and Area Optimization : Time (s): cpu = 00:00:45 ; elapsed = 00:01:00 . Memory (MB): peak = 902.039 ; gain = 504.430
---------------------------------------------------------------------------------

Report RTL Partitions: 
+-+--------------+------------+----------+
| |RTL Partition |Replication |Instances |
+-+--------------+------------+----------+
+-+--------------+------------+----------+
---------------------------------------------------------------------------------
Start Applying XDC Timing Constraints
---------------------------------------------------------------------------------
---------------------------------------------------------------------------------
Finished Applying XDC Timing Constraints : Time (s): cpu = 00:01:03 ; elapsed = 00:01:25 . Memory (MB): peak = 902.039 ; gain = 504.430
---------------------------------------------------------------------------------
---------------------------------------------------------------------------------
Start Timing Optimization
---------------------------------------------------------------------------------
---------------------------------------------------------------------------------
Finished Timing Optimization : Time (s): cpu = 00:01:06 ; elapsed = 00:01:29 . Memory (MB): peak = 941.027 ; gain = 543.418
---------------------------------------------------------------------------------

Report RTL Partitions: 
+-+--------------+------------+----------+
| |RTL Partition |Replication |Instances |
+-+--------------+------------+----------+
+-+--------------+------------+----------+
---------------------------------------------------------------------------------
Start Technology Mapping
---------------------------------------------------------------------------------
---------------------------------------------------------------------------------
Finished Technology Mapping : Time (s): cpu = 00:01:06 ; elapsed = 00:01:29 . Memory (MB): peak = 941.027 ; gain = 543.418
---------------------------------------------------------------------------------

Report RTL Partitions: 
+-+--------------+------------+----------+
| |RTL Partition |Replication |Instances |
+-+--------------+------------+----------+
+-+--------------+------------+----------+
---------------------------------------------------------------------------------
Start IO Insertion
---------------------------------------------------------------------------------
---------------------------------------------------------------------------------
Start Flattening Before IO Insertion
---------------------------------------------------------------------------------
---------------------------------------------------------------------------------
Finished Flattening Before IO Insertion
---------------------------------------------------------------------------------
---------------------------------------------------------------------------------
Start Final Netlist Cleanup
---------------------------------------------------------------------------------
---------------------------------------------------------------------------------
Finished Final Netlist Cleanup
---------------------------------------------------------------------------------
---------------------------------------------------------------------------------
Finished IO Insertion : Time (s): cpu = 00:01:08 ; elapsed = 00:01:31 . Memory (MB): peak = 941.027 ; gain = 543.418
---------------------------------------------------------------------------------

Report Check Netlist: 
+------+------------------+-------+---------+-------+------------------+
|      |Item              |Errors |Warnings |Status |Description       |
+------+------------------+-------+---------+-------+------------------+
|1     |multi_driven_nets |      0|        0|Passed |Multi driven nets |
+------+------------------+-------+---------+-------+------------------+
---------------------------------------------------------------------------------
Start Renaming Generated Instances
---------------------------------------------------------------------------------
---------------------------------------------------------------------------------
Finished Renaming Generated Instances : Time (s): cpu = 00:01:08 ; elapsed = 00:01:31 . Memory (MB): peak = 941.027 ; gain = 543.418
---------------------------------------------------------------------------------

Report RTL Partitions: 
+-+--------------+------------+----------+
| |RTL Partition |Replication |Instances |
+-+--------------+------------+----------+
+-+--------------+------------+----------+
---------------------------------------------------------------------------------
Start Rebuilding User Hierarchy
---------------------------------------------------------------------------------
---------------------------------------------------------------------------------
Finished Rebuilding User Hierarchy : Time (s): cpu = 00:01:08 ; elapsed = 00:01:31 . Memory (MB): peak = 941.027 ; gain = 543.418
---------------------------------------------------------------------------------
---------------------------------------------------------------------------------
Start Renaming Generated Ports
---------------------------------------------------------------------------------
---------------------------------------------------------------------------------
Finished Renaming Generated Ports : Time (s): cpu = 00:01:08 ; elapsed = 00:01:31 . Memory (MB): peak = 941.027 ; gain = 543.418
---------------------------------------------------------------------------------
---------------------------------------------------------------------------------
Start Handling Custom Attributes
---------------------------------------------------------------------------------
---------------------------------------------------------------------------------
Finished Handling Custom Attributes : Time (s): cpu = 00:01:08 ; elapsed = 00:01:31 . Memory (MB): peak = 941.027 ; gain = 543.418
---------------------------------------------------------------------------------
---------------------------------------------------------------------------------
Start Renaming Generated Nets
---------------------------------------------------------------------------------
---------------------------------------------------------------------------------
Finished Renaming Generated Nets : Time (s): cpu = 00:01:08 ; elapsed = 00:01:31 . Memory (MB): peak = 941.027 ; gain = 543.418
---------------------------------------------------------------------------------
---------------------------------------------------------------------------------
Start Writing Synthesis Report
---------------------------------------------------------------------------------

Report BlackBoxes: 
+-+--------------+----------+
| |BlackBox name |Instances |
+-+--------------+----------+
+-+--------------+----------+

Report Cell Usage: 
+------+-----+------+
|      |Cell |Count |
+------+-----+------+
|1     |LUT1 |     2|
|2     |LUT2 |    32|
|3     |LUT3 |     6|
|4     |LUT4 |   109|
|5     |LUT5 |   126|
|6     |LUT6 |    60|
|7     |FDRE |   142|
|8     |FDSE |     1|
+------+-----+------+

Report Instance Areas: 
+------+-------------------------------------+-----------------------------------------------+------+
|      |Instance                             |Module                                         |Cells |
+------+-------------------------------------+-----------------------------------------------+------+
|1     |top                                  |                                               |   478|
|2     |  inst                               |axi_crossbar_v2_1_19_axi_crossbar              |   478|
|3     |    \gen_sasd.crossbar_sasd_0        |axi_crossbar_v2_1_19_crossbar_sasd             |   478|
|4     |      addr_arbiter_inst              |axi_crossbar_v2_1_19_addr_arbiter_sasd         |   314|
|5     |      \gen_decerr.decerr_slave_inst  |axi_crossbar_v2_1_19_decerr_slave              |    12|
|6     |      reg_slice_r                    |axi_register_slice_v2_1_18_axic_register_slice |   133|
|7     |      splitter_ar                    |axi_crossbar_v2_1_19_splitter__parameterized0  |     5|
|8     |      splitter_aw                    |axi_crossbar_v2_1_19_splitter                  |     6|
+------+-------------------------------------+-----------------------------------------------+------+
---------------------------------------------------------------------------------
Finished Writing Synthesis Report : Time (s): cpu = 00:01:08 ; elapsed = 00:01:31 . Memory (MB): peak = 941.027 ; gain = 543.418
---------------------------------------------------------------------------------
Synthesis finished with 0 errors, 0 critical warnings and 163 warnings.
Synthesis Optimization Runtime : Time (s): cpu = 00:00:34 ; elapsed = 00:01:16 . Memory (MB): peak = 941.027 ; gain = 298.941
Synthesis Optimization Complete : Time (s): cpu = 00:01:08 ; elapsed = 00:01:32 . Memory (MB): peak = 941.027 ; gain = 543.418
INFO: [Project 1-571] Translating synthesized netlist
INFO: [Project 1-570] Preparing netlist for logic optimization
INFO: [Opt 31-138] Pushed 0 inverter(s) to 0 load pin(s).
Netlist sorting complete. Time (s): cpu = 00:00:00 ; elapsed = 00:00:00 . Memory (MB): peak = 941.027 ; gain = 0.000
INFO: [Project 1-111] Unisim Transformation Summary:
No Unisim elements were transformed.

INFO: [Common 17-83] Releasing license: Synthesis
66 Infos, 104 Warnings, 0 Critical Warnings and 0 Errors encountered.
synth_design completed successfully
synth_design: Time (s): cpu = 00:01:11 ; elapsed = 00:01:35 . Memory (MB): peak = 941.027 ; gain = 550.328
Netlist sorting complete. Time (s): cpu = 00:00:00 ; elapsed = 00:00:00 . Memory (MB): peak = 941.027 ; gain = 0.000
WARNING: [Constraints 18-5210] No constraints selected for write.
Resolution: This message can indicate that there are no constraints for the design, or it can indicate that the used_in flags are set such that the constraints are ignored. This later case is used when running synth_design to not write synthesis constraints to the resulting checkpoint. Instead, project constraints are read when the synthesized design is opened.
INFO: [Common 17-1381] The checkpoint 'E:/UofTCourse/ECE532/Assignment/proj3/proj_p3.runs/design_1_xbar_2_synth_1/design_1_xbar_2.dcp' has been generated.
INFO: [Coretcl 2-1648] Added synthesis output to IP cache for IP design_1_xbar_2, cache-ID = a58366ff52aabe21
INFO: [Coretcl 2-1174] Renamed 7 cell refs.
Netlist sorting complete. Time (s): cpu = 00:00:00 ; elapsed = 00:00:00 . Memory (MB): peak = 941.027 ; gain = 0.000
WARNING: [Constraints 18-5210] No constraints selected for write.
Resolution: This message can indicate that there are no constraints for the design, or it can indicate that the used_in flags are set such that the constraints are ignored. This later case is used when running synth_design to not write synthesis constraints to the resulting checkpoint. Instead, project constraints are read when the synthesized design is opened.
INFO: [Common 17-1381] The checkpoint 'E:/UofTCourse/ECE532/Assignment/proj3/proj_p3.runs/design_1_xbar_2_synth_1/design_1_xbar_2.dcp' has been generated.
INFO: [runtcl-4] Executing : report_utilization -file design_1_xbar_2_utilization_synth.rpt -pb design_1_xbar_2_utilization_synth.pb
INFO: [Common 17-206] Exiting Vivado at Fri Mar  4 20:31:22 2022...
