
*** Running vivado
    with args -log design_1_axi_bram_ctrl_0_0.vds -m64 -product Vivado -mode batch -messageDb vivado.pb -notrace -source design_1_axi_bram_ctrl_0_0.tcl


****** Vivado v2018.3 (64-bit)
  **** SW Build 2405991 on Thu Dec  6 23:38:27 MST 2018
  **** IP Build 2404404 on Fri Dec  7 01:43:56 MST 2018
    ** Copyright 1986-2018 Xilinx, Inc. All Rights Reserved.

source design_1_axi_bram_ctrl_0_0.tcl -notrace
INFO: [IP_Flow 19-234] Refreshing IP repositories
INFO: [IP_Flow 19-1700] Loaded user IP repository 'e:/UofTCourse/ECE532/Assignment/ip_repo'.
INFO: [IP_Flow 19-2313] Loaded Vivado IP repository 'D:/Xilinx/Vivado/2018.3/data/ip'.
Command: synth_design -top design_1_axi_bram_ctrl_0_0 -part xc7a100tcsg324-1 -mode out_of_context
Starting synth_design
Attempting to get a license for feature 'Synthesis' and/or device 'xc7a100t'
INFO: [Common 17-349] Got license for feature 'Synthesis' and/or device 'xc7a100t'
INFO: Launching helper process for spawning children vivado processes
INFO: Helper process launched with PID 13060 
---------------------------------------------------------------------------------
Starting RTL Elaboration : Time (s): cpu = 00:00:12 ; elapsed = 00:00:14 . Memory (MB): peak = 489.918 ; gain = 100.422
---------------------------------------------------------------------------------
INFO: [Synth 8-638] synthesizing module 'design_1_axi_bram_ctrl_0_0' [e:/UofTCourse/ECE532/Assignment/proj/proj_p3.srcs/sources_1/bd/design_1/ip/design_1_axi_bram_ctrl_0_0/synth/design_1_axi_bram_ctrl_0_0.vhd:92]
	Parameter C_BRAM_INST_MODE bound to: EXTERNAL - type: string 
	Parameter C_MEMORY_DEPTH bound to: 1024 - type: integer 
	Parameter C_BRAM_ADDR_WIDTH bound to: 10 - type: integer 
	Parameter C_S_AXI_ADDR_WIDTH bound to: 12 - type: integer 
	Parameter C_S_AXI_DATA_WIDTH bound to: 32 - type: integer 
	Parameter C_S_AXI_ID_WIDTH bound to: 1 - type: integer 
	Parameter C_S_AXI_PROTOCOL bound to: AXI4LITE - type: string 
	Parameter C_S_AXI_SUPPORTS_NARROW_BURST bound to: 0 - type: integer 
	Parameter C_SINGLE_PORT_BRAM bound to: 1 - type: integer 
	Parameter C_FAMILY bound to: artix7 - type: string 
	Parameter C_SELECT_XPM bound to: 1 - type: integer 
	Parameter C_READ_LATENCY bound to: 1 - type: integer 
	Parameter C_RD_CMD_OPTIMIZATION bound to: 0 - type: integer 
	Parameter C_S_AXI_CTRL_ADDR_WIDTH bound to: 32 - type: integer 
	Parameter C_S_AXI_CTRL_DATA_WIDTH bound to: 32 - type: integer 
	Parameter C_ECC bound to: 0 - type: integer 
	Parameter C_ECC_TYPE bound to: 0 - type: integer 
	Parameter C_FAULT_INJECT bound to: 0 - type: integer 
	Parameter C_ECC_ONOFF_RESET_VALUE bound to: 0 - type: integer 
INFO: [Synth 8-3491] module 'axi_bram_ctrl' declared at 'e:/UofTCourse/ECE532/Assignment/proj/proj_p3.srcs/sources_1/bd/design_1/ipshared/27fe/hdl/axi_bram_ctrl_v4_1_rfs.vhd:30482' bound to instance 'U0' of component 'axi_bram_ctrl' [e:/UofTCourse/ECE532/Assignment/proj/proj_p3.srcs/sources_1/bd/design_1/ip/design_1_axi_bram_ctrl_0_0/synth/design_1_axi_bram_ctrl_0_0.vhd:232]
INFO: [Synth 8-638] synthesizing module 'axi_bram_ctrl' [e:/UofTCourse/ECE532/Assignment/proj/proj_p3.srcs/sources_1/bd/design_1/ipshared/27fe/hdl/axi_bram_ctrl_v4_1_rfs.vhd:30654]
	Parameter C_BRAM_INST_MODE bound to: EXTERNAL - type: string 
	Parameter C_MEMORY_DEPTH bound to: 1024 - type: integer 
	Parameter C_BRAM_ADDR_WIDTH bound to: 10 - type: integer 
	Parameter C_S_AXI_ADDR_WIDTH bound to: 12 - type: integer 
	Parameter C_S_AXI_DATA_WIDTH bound to: 32 - type: integer 
	Parameter C_S_AXI_ID_WIDTH bound to: 1 - type: integer 
	Parameter C_S_AXI_PROTOCOL bound to: AXI4LITE - type: string 
	Parameter C_S_AXI_SUPPORTS_NARROW_BURST bound to: 0 - type: integer 
	Parameter C_SINGLE_PORT_BRAM bound to: 1 - type: integer 
	Parameter C_FAMILY bound to: artix7 - type: string 
	Parameter C_SELECT_XPM bound to: 1 - type: integer 
	Parameter C_READ_LATENCY bound to: 1 - type: integer 
	Parameter C_RD_CMD_OPTIMIZATION bound to: 0 - type: integer 
	Parameter C_S_AXI_CTRL_ADDR_WIDTH bound to: 32 - type: integer 
	Parameter C_S_AXI_CTRL_DATA_WIDTH bound to: 32 - type: integer 
	Parameter C_ECC bound to: 0 - type: integer 
	Parameter C_ECC_TYPE bound to: 0 - type: integer 
	Parameter C_FAULT_INJECT bound to: 0 - type: integer 
	Parameter C_ECC_ONOFF_RESET_VALUE bound to: 0 - type: integer 
INFO: [Synth 8-638] synthesizing module 'axi_bram_ctrl_top' [e:/UofTCourse/ECE532/Assignment/proj/proj_p3.srcs/sources_1/bd/design_1/ipshared/27fe/hdl/axi_bram_ctrl_v4_1_rfs.vhd:29676]
	Parameter C_BRAM_ADDR_WIDTH bound to: 10 - type: integer 
	Parameter C_S_AXI_ADDR_WIDTH bound to: 12 - type: integer 
	Parameter C_S_AXI_DATA_WIDTH bound to: 32 - type: integer 
	Parameter C_S_AXI_ID_WIDTH bound to: 1 - type: integer 
	Parameter C_S_AXI_PROTOCOL bound to: AXI4LITE - type: string 
	Parameter C_S_AXI_SUPPORTS_NARROW_BURST bound to: 0 - type: integer 
	Parameter C_SINGLE_PORT_BRAM bound to: 1 - type: integer 
	Parameter C_S_AXI_CTRL_ADDR_WIDTH bound to: 32 - type: integer 
	Parameter C_S_AXI_CTRL_DATA_WIDTH bound to: 32 - type: integer 
	Parameter C_READ_LATENCY bound to: 1 - type: integer 
	Parameter C_RD_CMD_OPTIMIZATION bound to: 0 - type: integer 
	Parameter C_ECC bound to: 0 - type: integer 
	Parameter C_ECC_TYPE bound to: 0 - type: integer 
	Parameter C_FAULT_INJECT bound to: 0 - type: integer 
	Parameter C_ECC_ONOFF_RESET_VALUE bound to: 0 - type: integer 
INFO: [Synth 8-638] synthesizing module 'axi_lite' [e:/UofTCourse/ECE532/Assignment/proj/proj_p3.srcs/sources_1/bd/design_1/ipshared/27fe/hdl/axi_bram_ctrl_v4_1_rfs.vhd:7104]
	Parameter C_S_AXI_PROTOCOL bound to: AXI4LITE - type: string 
	Parameter C_S_AXI_ADDR_WIDTH bound to: 12 - type: integer 
	Parameter C_S_AXI_DATA_WIDTH bound to: 32 - type: integer 
	Parameter C_SINGLE_PORT_BRAM bound to: 1 - type: integer 
	Parameter C_S_AXI_CTRL_ADDR_WIDTH bound to: 32 - type: integer 
	Parameter C_S_AXI_CTRL_DATA_WIDTH bound to: 32 - type: integer 
	Parameter C_READ_LATENCY bound to: 1 - type: integer 
	Parameter C_RD_CMD_OPTIMIZATION bound to: 0 - type: integer 
	Parameter C_ECC bound to: 0 - type: integer 
	Parameter C_ECC_TYPE bound to: 0 - type: integer 
	Parameter C_ECC_WIDTH bound to: 0 - type: integer 
	Parameter C_FAULT_INJECT bound to: 0 - type: integer 
	Parameter C_ECC_ONOFF_RESET_VALUE bound to: 0 - type: integer 
	Parameter C_ENABLE_AXI_CTRL_REG_IF bound to: 0 - type: integer 
	Parameter C_CE_FAILING_REGISTERS bound to: 0 - type: integer 
	Parameter C_UE_FAILING_REGISTERS bound to: 0 - type: integer 
	Parameter C_ECC_STATUS_REGISTERS bound to: 0 - type: integer 
	Parameter C_ECC_ONOFF_REGISTER bound to: 0 - type: integer 
	Parameter C_CE_COUNTER_WIDTH bound to: 0 - type: integer 
WARNING: [Synth 8-6014] Unused sequential element GEN_NO_RD_CMD_OPT.axi_arready_reg_reg was removed.  [e:/UofTCourse/ECE532/Assignment/proj/proj_p3.srcs/sources_1/bd/design_1/ipshared/27fe/hdl/axi_bram_ctrl_v4_1_rfs.vhd:8692]
WARNING: [Synth 8-6014] Unused sequential element GEN_NO_RD_CMD_OPT.axi_rvalid_set_r_reg was removed.  [e:/UofTCourse/ECE532/Assignment/proj/proj_p3.srcs/sources_1/bd/design_1/ipshared/27fe/hdl/axi_bram_ctrl_v4_1_rfs.vhd:8693]
WARNING: [Synth 8-6014] Unused sequential element GEN_NO_RD_CMD_OPT.axi_rlast_set_r_reg was removed.  [e:/UofTCourse/ECE532/Assignment/proj/proj_p3.srcs/sources_1/bd/design_1/ipshared/27fe/hdl/axi_bram_ctrl_v4_1_rfs.vhd:8694]
INFO: [Synth 8-256] done synthesizing module 'axi_lite' (1#1) [e:/UofTCourse/ECE532/Assignment/proj/proj_p3.srcs/sources_1/bd/design_1/ipshared/27fe/hdl/axi_bram_ctrl_v4_1_rfs.vhd:7104]
INFO: [Synth 8-256] done synthesizing module 'axi_bram_ctrl_top' (2#1) [e:/UofTCourse/ECE532/Assignment/proj/proj_p3.srcs/sources_1/bd/design_1/ipshared/27fe/hdl/axi_bram_ctrl_v4_1_rfs.vhd:29676]
INFO: [Synth 8-256] done synthesizing module 'axi_bram_ctrl' (3#1) [e:/UofTCourse/ECE532/Assignment/proj/proj_p3.srcs/sources_1/bd/design_1/ipshared/27fe/hdl/axi_bram_ctrl_v4_1_rfs.vhd:30654]
INFO: [Synth 8-256] done synthesizing module 'design_1_axi_bram_ctrl_0_0' (4#1) [e:/UofTCourse/ECE532/Assignment/proj/proj_p3.srcs/sources_1/bd/design_1/ip/design_1_axi_bram_ctrl_0_0/synth/design_1_axi_bram_ctrl_0_0.vhd:92]
WARNING: [Synth 8-3331] design axi_lite has unconnected port AXI_AWADDR[1]
WARNING: [Synth 8-3331] design axi_lite has unconnected port AXI_AWADDR[0]
WARNING: [Synth 8-3331] design axi_lite has unconnected port AXI_ARADDR[1]
WARNING: [Synth 8-3331] design axi_lite has unconnected port AXI_ARADDR[0]
WARNING: [Synth 8-3331] design axi_lite has unconnected port AXI_CTRL_AWVALID
WARNING: [Synth 8-3331] design axi_lite has unconnected port AXI_CTRL_AWADDR[31]
WARNING: [Synth 8-3331] design axi_lite has unconnected port AXI_CTRL_AWADDR[30]
WARNING: [Synth 8-3331] design axi_lite has unconnected port AXI_CTRL_AWADDR[29]
WARNING: [Synth 8-3331] design axi_lite has unconnected port AXI_CTRL_AWADDR[28]
WARNING: [Synth 8-3331] design axi_lite has unconnected port AXI_CTRL_AWADDR[27]
WARNING: [Synth 8-3331] design axi_lite has unconnected port AXI_CTRL_AWADDR[26]
WARNING: [Synth 8-3331] design axi_lite has unconnected port AXI_CTRL_AWADDR[25]
WARNING: [Synth 8-3331] design axi_lite has unconnected port AXI_CTRL_AWADDR[24]
WARNING: [Synth 8-3331] design axi_lite has unconnected port AXI_CTRL_AWADDR[23]
WARNING: [Synth 8-3331] design axi_lite has unconnected port AXI_CTRL_AWADDR[22]
WARNING: [Synth 8-3331] design axi_lite has unconnected port AXI_CTRL_AWADDR[21]
WARNING: [Synth 8-3331] design axi_lite has unconnected port AXI_CTRL_AWADDR[20]
WARNING: [Synth 8-3331] design axi_lite has unconnected port AXI_CTRL_AWADDR[19]
WARNING: [Synth 8-3331] design axi_lite has unconnected port AXI_CTRL_AWADDR[18]
WARNING: [Synth 8-3331] design axi_lite has unconnected port AXI_CTRL_AWADDR[17]
WARNING: [Synth 8-3331] design axi_lite has unconnected port AXI_CTRL_AWADDR[16]
WARNING: [Synth 8-3331] design axi_lite has unconnected port AXI_CTRL_AWADDR[15]
WARNING: [Synth 8-3331] design axi_lite has unconnected port AXI_CTRL_AWADDR[14]
WARNING: [Synth 8-3331] design axi_lite has unconnected port AXI_CTRL_AWADDR[13]
WARNING: [Synth 8-3331] design axi_lite has unconnected port AXI_CTRL_AWADDR[12]
WARNING: [Synth 8-3331] design axi_lite has unconnected port AXI_CTRL_AWADDR[11]
WARNING: [Synth 8-3331] design axi_lite has unconnected port AXI_CTRL_AWADDR[10]
WARNING: [Synth 8-3331] design axi_lite has unconnected port AXI_CTRL_AWADDR[9]
WARNING: [Synth 8-3331] design axi_lite has unconnected port AXI_CTRL_AWADDR[8]
WARNING: [Synth 8-3331] design axi_lite has unconnected port AXI_CTRL_AWADDR[7]
WARNING: [Synth 8-3331] design axi_lite has unconnected port AXI_CTRL_AWADDR[6]
WARNING: [Synth 8-3331] design axi_lite has unconnected port AXI_CTRL_AWADDR[5]
WARNING: [Synth 8-3331] design axi_lite has unconnected port AXI_CTRL_AWADDR[4]
WARNING: [Synth 8-3331] design axi_lite has unconnected port AXI_CTRL_AWADDR[3]
WARNING: [Synth 8-3331] design axi_lite has unconnected port AXI_CTRL_AWADDR[2]
WARNING: [Synth 8-3331] design axi_lite has unconnected port AXI_CTRL_AWADDR[1]
WARNING: [Synth 8-3331] design axi_lite has unconnected port AXI_CTRL_AWADDR[0]
WARNING: [Synth 8-3331] design axi_lite has unconnected port AXI_CTRL_WDATA[31]
WARNING: [Synth 8-3331] design axi_lite has unconnected port AXI_CTRL_WDATA[30]
WARNING: [Synth 8-3331] design axi_lite has unconnected port AXI_CTRL_WDATA[29]
WARNING: [Synth 8-3331] design axi_lite has unconnected port AXI_CTRL_WDATA[28]
WARNING: [Synth 8-3331] design axi_lite has unconnected port AXI_CTRL_WDATA[27]
WARNING: [Synth 8-3331] design axi_lite has unconnected port AXI_CTRL_WDATA[26]
WARNING: [Synth 8-3331] design axi_lite has unconnected port AXI_CTRL_WDATA[25]
WARNING: [Synth 8-3331] design axi_lite has unconnected port AXI_CTRL_WDATA[24]
WARNING: [Synth 8-3331] design axi_lite has unconnected port AXI_CTRL_WDATA[23]
WARNING: [Synth 8-3331] design axi_lite has unconnected port AXI_CTRL_WDATA[22]
WARNING: [Synth 8-3331] design axi_lite has unconnected port AXI_CTRL_WDATA[21]
WARNING: [Synth 8-3331] design axi_lite has unconnected port AXI_CTRL_WDATA[20]
WARNING: [Synth 8-3331] design axi_lite has unconnected port AXI_CTRL_WDATA[19]
WARNING: [Synth 8-3331] design axi_lite has unconnected port AXI_CTRL_WDATA[18]
WARNING: [Synth 8-3331] design axi_lite has unconnected port AXI_CTRL_WDATA[17]
WARNING: [Synth 8-3331] design axi_lite has unconnected port AXI_CTRL_WDATA[16]
WARNING: [Synth 8-3331] design axi_lite has unconnected port AXI_CTRL_WDATA[15]
WARNING: [Synth 8-3331] design axi_lite has unconnected port AXI_CTRL_WDATA[14]
WARNING: [Synth 8-3331] design axi_lite has unconnected port AXI_CTRL_WDATA[13]
WARNING: [Synth 8-3331] design axi_lite has unconnected port AXI_CTRL_WDATA[12]
WARNING: [Synth 8-3331] design axi_lite has unconnected port AXI_CTRL_WDATA[11]
WARNING: [Synth 8-3331] design axi_lite has unconnected port AXI_CTRL_WDATA[10]
WARNING: [Synth 8-3331] design axi_lite has unconnected port AXI_CTRL_WDATA[9]
WARNING: [Synth 8-3331] design axi_lite has unconnected port AXI_CTRL_WDATA[8]
WARNING: [Synth 8-3331] design axi_lite has unconnected port AXI_CTRL_WDATA[7]
WARNING: [Synth 8-3331] design axi_lite has unconnected port AXI_CTRL_WDATA[6]
WARNING: [Synth 8-3331] design axi_lite has unconnected port AXI_CTRL_WDATA[5]
WARNING: [Synth 8-3331] design axi_lite has unconnected port AXI_CTRL_WDATA[4]
WARNING: [Synth 8-3331] design axi_lite has unconnected port AXI_CTRL_WDATA[3]
WARNING: [Synth 8-3331] design axi_lite has unconnected port AXI_CTRL_WDATA[2]
WARNING: [Synth 8-3331] design axi_lite has unconnected port AXI_CTRL_WDATA[1]
WARNING: [Synth 8-3331] design axi_lite has unconnected port AXI_CTRL_WDATA[0]
WARNING: [Synth 8-3331] design axi_lite has unconnected port AXI_CTRL_WVALID
WARNING: [Synth 8-3331] design axi_lite has unconnected port AXI_CTRL_BREADY
WARNING: [Synth 8-3331] design axi_lite has unconnected port AXI_CTRL_ARADDR[31]
WARNING: [Synth 8-3331] design axi_lite has unconnected port AXI_CTRL_ARADDR[30]
WARNING: [Synth 8-3331] design axi_lite has unconnected port AXI_CTRL_ARADDR[29]
WARNING: [Synth 8-3331] design axi_lite has unconnected port AXI_CTRL_ARADDR[28]
WARNING: [Synth 8-3331] design axi_lite has unconnected port AXI_CTRL_ARADDR[27]
WARNING: [Synth 8-3331] design axi_lite has unconnected port AXI_CTRL_ARADDR[26]
WARNING: [Synth 8-3331] design axi_lite has unconnected port AXI_CTRL_ARADDR[25]
WARNING: [Synth 8-3331] design axi_lite has unconnected port AXI_CTRL_ARADDR[24]
WARNING: [Synth 8-3331] design axi_lite has unconnected port AXI_CTRL_ARADDR[23]
WARNING: [Synth 8-3331] design axi_lite has unconnected port AXI_CTRL_ARADDR[22]
WARNING: [Synth 8-3331] design axi_lite has unconnected port AXI_CTRL_ARADDR[21]
WARNING: [Synth 8-3331] design axi_lite has unconnected port AXI_CTRL_ARADDR[20]
WARNING: [Synth 8-3331] design axi_lite has unconnected port AXI_CTRL_ARADDR[19]
WARNING: [Synth 8-3331] design axi_lite has unconnected port AXI_CTRL_ARADDR[18]
WARNING: [Synth 8-3331] design axi_lite has unconnected port AXI_CTRL_ARADDR[17]
WARNING: [Synth 8-3331] design axi_lite has unconnected port AXI_CTRL_ARADDR[16]
WARNING: [Synth 8-3331] design axi_lite has unconnected port AXI_CTRL_ARADDR[15]
WARNING: [Synth 8-3331] design axi_lite has unconnected port AXI_CTRL_ARADDR[14]
WARNING: [Synth 8-3331] design axi_lite has unconnected port AXI_CTRL_ARADDR[13]
WARNING: [Synth 8-3331] design axi_lite has unconnected port AXI_CTRL_ARADDR[12]
WARNING: [Synth 8-3331] design axi_lite has unconnected port AXI_CTRL_ARADDR[11]
WARNING: [Synth 8-3331] design axi_lite has unconnected port AXI_CTRL_ARADDR[10]
WARNING: [Synth 8-3331] design axi_lite has unconnected port AXI_CTRL_ARADDR[9]
WARNING: [Synth 8-3331] design axi_lite has unconnected port AXI_CTRL_ARADDR[8]
WARNING: [Synth 8-3331] design axi_lite has unconnected port AXI_CTRL_ARADDR[7]
WARNING: [Synth 8-3331] design axi_lite has unconnected port AXI_CTRL_ARADDR[6]
WARNING: [Synth 8-3331] design axi_lite has unconnected port AXI_CTRL_ARADDR[5]
WARNING: [Synth 8-3331] design axi_lite has unconnected port AXI_CTRL_ARADDR[4]
WARNING: [Synth 8-3331] design axi_lite has unconnected port AXI_CTRL_ARADDR[3]
INFO: [Common 17-14] Message 'Synth 8-3331' appears 100 times and further instances of the messages will be disabled. Use the Tcl command set_msg_config to change the current settings.
---------------------------------------------------------------------------------
Finished RTL Elaboration : Time (s): cpu = 00:00:21 ; elapsed = 00:00:24 . Memory (MB): peak = 639.543 ; gain = 250.047
---------------------------------------------------------------------------------

Report Check Netlist: 
+------+------------------+-------+---------+-------+------------------+
|      |Item              |Errors |Warnings |Status |Description       |
+------+------------------+-------+---------+-------+------------------+
|1     |multi_driven_nets |      0|        0|Passed |Multi driven nets |
+------+------------------+-------+---------+-------+------------------+
---------------------------------------------------------------------------------
Start Handling Custom Attributes
---------------------------------------------------------------------------------
---------------------------------------------------------------------------------
Finished Handling Custom Attributes : Time (s): cpu = 00:00:21 ; elapsed = 00:00:25 . Memory (MB): peak = 639.543 ; gain = 250.047
---------------------------------------------------------------------------------
---------------------------------------------------------------------------------
Finished RTL Optimization Phase 1 : Time (s): cpu = 00:00:21 ; elapsed = 00:00:25 . Memory (MB): peak = 639.543 ; gain = 250.047
---------------------------------------------------------------------------------
INFO: [Device 21-403] Loading part xc7a100tcsg324-1
INFO: [Project 1-570] Preparing netlist for logic optimization

Processing XDC Constraints
Initializing timing engine
Parsing XDC File [e:/UofTCourse/ECE532/Assignment/proj/proj_p3.srcs/sources_1/bd/design_1/ip/design_1_axi_bram_ctrl_0_0/design_1_axi_bram_ctrl_0_0_ooc.xdc] for cell 'U0'
Finished Parsing XDC File [e:/UofTCourse/ECE532/Assignment/proj/proj_p3.srcs/sources_1/bd/design_1/ip/design_1_axi_bram_ctrl_0_0/design_1_axi_bram_ctrl_0_0_ooc.xdc] for cell 'U0'
Parsing XDC File [E:/UofTCourse/ECE532/Assignment/proj/proj_p3.runs/design_1_axi_bram_ctrl_0_0_synth_1/dont_touch.xdc]
Finished Parsing XDC File [E:/UofTCourse/ECE532/Assignment/proj/proj_p3.runs/design_1_axi_bram_ctrl_0_0_synth_1/dont_touch.xdc]
Completed Processing XDC Constraints

Netlist sorting complete. Time (s): cpu = 00:00:00 ; elapsed = 00:00:00 . Memory (MB): peak = 879.645 ; gain = 0.000
INFO: [Project 1-111] Unisim Transformation Summary:
No Unisim elements were transformed.

Netlist sorting complete. Time (s): cpu = 00:00:00 ; elapsed = 00:00:00 . Memory (MB): peak = 879.645 ; gain = 0.000
Constraint Validation Runtime : Time (s): cpu = 00:00:00 ; elapsed = 00:00:00.036 . Memory (MB): peak = 881.145 ; gain = 1.500
---------------------------------------------------------------------------------
Finished Constraint Validation : Time (s): cpu = 00:00:35 ; elapsed = 00:00:40 . Memory (MB): peak = 881.145 ; gain = 491.648
---------------------------------------------------------------------------------
---------------------------------------------------------------------------------
Start Loading Part and Timing Information
---------------------------------------------------------------------------------
Loading part: xc7a100tcsg324-1
---------------------------------------------------------------------------------
Finished Loading Part and Timing Information : Time (s): cpu = 00:00:35 ; elapsed = 00:00:40 . Memory (MB): peak = 881.145 ; gain = 491.648
---------------------------------------------------------------------------------
---------------------------------------------------------------------------------
Start Applying 'set_property' XDC Constraints
---------------------------------------------------------------------------------
Applied set_property DONT_TOUCH = true for U0. (constraint file  E:/UofTCourse/ECE532/Assignment/proj/proj_p3.runs/design_1_axi_bram_ctrl_0_0_synth_1/dont_touch.xdc, line 9).
---------------------------------------------------------------------------------
Finished applying 'set_property' XDC Constraints : Time (s): cpu = 00:00:35 ; elapsed = 00:00:40 . Memory (MB): peak = 881.145 ; gain = 491.648
---------------------------------------------------------------------------------
INFO: [Synth 8-4471] merging register 'GEN_NO_RD_CMD_OPT.GEN_R.axi_rlast_int_reg' into 'GEN_NO_RD_CMD_OPT.GEN_R.axi_rvalid_int_reg' [e:/UofTCourse/ECE532/Assignment/proj/proj_p3.srcs/sources_1/bd/design_1/ipshared/27fe/hdl/axi_bram_ctrl_v4_1_rfs.vhd:7542]
INFO: [Synth 8-802] inferred FSM for state register 'GEN_NO_RD_CMD_OPT.lite_sm_cs_reg' in module 'axi_lite'
INFO: [Synth 8-5544] ROM "lite_sm_ns" won't be mapped to Block RAM because address size (1) smaller than threshold (5)
INFO: [Synth 8-5544] ROM "lite_sm_ns" won't be mapped to Block RAM because address size (1) smaller than threshold (5)
---------------------------------------------------------------------------------------------------
                   State |                     New Encoding |                Previous Encoding 
---------------------------------------------------------------------------------------------------
                    idle |                           000001 |                              000
             sng_wr_data |                           100000 |                              011
                 rd_data |                           010000 |                              100
---------------------------------------------------------------------------------------------------
INFO: [Synth 8-3354] encoded FSM with state register 'GEN_NO_RD_CMD_OPT.lite_sm_cs_reg' using encoding 'one-hot' in module 'axi_lite'
---------------------------------------------------------------------------------
Finished RTL Optimization Phase 2 : Time (s): cpu = 00:00:36 ; elapsed = 00:00:41 . Memory (MB): peak = 881.145 ; gain = 491.648
---------------------------------------------------------------------------------

Report RTL Partitions: 
+-+--------------+------------+----------+
| |RTL Partition |Replication |Instances |
+-+--------------+------------+----------+
+-+--------------+------------+----------+
---------------------------------------------------------------------------------
Start RTL Component Statistics 
---------------------------------------------------------------------------------
Detailed RTL Component Info : 
+---Adders : 
	   2 Input      3 Bit       Adders := 1     
+---Registers : 
	                3 Bit    Registers := 1     
	                1 Bit    Registers := 8     
+---Muxes : 
	   3 Input      6 Bit        Muxes := 1     
	   2 Input      6 Bit        Muxes := 2     
	   2 Input      4 Bit        Muxes := 2     
	   3 Input      4 Bit        Muxes := 1     
	   2 Input      2 Bit        Muxes := 1     
	   2 Input      1 Bit        Muxes := 13    
	   3 Input      1 Bit        Muxes := 4     
---------------------------------------------------------------------------------
Finished RTL Component Statistics 
---------------------------------------------------------------------------------
---------------------------------------------------------------------------------
Start RTL Hierarchical Component Statistics 
---------------------------------------------------------------------------------
Hierarchical RTL Component report 
Module axi_lite 
Detailed RTL Component Info : 
+---Adders : 
	   2 Input      3 Bit       Adders := 1     
+---Registers : 
	                3 Bit    Registers := 1     
	                1 Bit    Registers := 6     
+---Muxes : 
	   3 Input      6 Bit        Muxes := 1     
	   2 Input      6 Bit        Muxes := 2     
	   2 Input      4 Bit        Muxes := 2     
	   3 Input      4 Bit        Muxes := 1     
	   2 Input      2 Bit        Muxes := 1     
	   2 Input      1 Bit        Muxes := 13    
	   3 Input      1 Bit        Muxes := 4     
Module axi_bram_ctrl_top 
Detailed RTL Component Info : 
+---Registers : 
	                1 Bit    Registers := 2     
---------------------------------------------------------------------------------
Finished RTL Hierarchical Component Statistics
---------------------------------------------------------------------------------
---------------------------------------------------------------------------------
Start Part Resource Summary
---------------------------------------------------------------------------------
Part Resources:
DSPs: 240 (col length:80)
BRAMs: 270 (col length: RAMB18 80 RAMB36 40)
---------------------------------------------------------------------------------
Finished Part Resource Summary
---------------------------------------------------------------------------------
---------------------------------------------------------------------------------
Start Cross Boundary and Area Optimization
---------------------------------------------------------------------------------
Warning: Parallel synthesis criteria is not met 
INFO: [Synth 8-3332] Sequential element (gext_inst.abcv4_0_ext_inst/GEN_AXI4LITE.I_AXI_LITE/FSM_onehot_GEN_NO_RD_CMD_OPT.lite_sm_cs_reg[3]) is unused and will be removed from module axi_bram_ctrl.
INFO: [Synth 8-3332] Sequential element (gext_inst.abcv4_0_ext_inst/GEN_AXI4LITE.I_AXI_LITE/FSM_onehot_GEN_NO_RD_CMD_OPT.lite_sm_cs_reg[2]) is unused and will be removed from module axi_bram_ctrl.
INFO: [Synth 8-3332] Sequential element (gext_inst.abcv4_0_ext_inst/GEN_AXI4LITE.I_AXI_LITE/FSM_onehot_GEN_NO_RD_CMD_OPT.lite_sm_cs_reg[1]) is unused and will be removed from module axi_bram_ctrl.
---------------------------------------------------------------------------------
Finished Cross Boundary and Area Optimization : Time (s): cpu = 00:00:37 ; elapsed = 00:00:42 . Memory (MB): peak = 881.145 ; gain = 491.648
---------------------------------------------------------------------------------

Report RTL Partitions: 
+-+--------------+------------+----------+
| |RTL Partition |Replication |Instances |
+-+--------------+------------+----------+
+-+--------------+------------+----------+
---------------------------------------------------------------------------------
Start Applying XDC Timing Constraints
---------------------------------------------------------------------------------
---------------------------------------------------------------------------------
Finished Applying XDC Timing Constraints : Time (s): cpu = 00:00:51 ; elapsed = 00:00:57 . Memory (MB): peak = 883.297 ; gain = 493.801
---------------------------------------------------------------------------------
---------------------------------------------------------------------------------
Start Timing Optimization
---------------------------------------------------------------------------------
---------------------------------------------------------------------------------
Finished Timing Optimization : Time (s): cpu = 00:00:51 ; elapsed = 00:00:57 . Memory (MB): peak = 903.367 ; gain = 513.871
---------------------------------------------------------------------------------

Report RTL Partitions: 
+-+--------------+------------+----------+
| |RTL Partition |Replication |Instances |
+-+--------------+------------+----------+
+-+--------------+------------+----------+
---------------------------------------------------------------------------------
Start Technology Mapping
---------------------------------------------------------------------------------
---------------------------------------------------------------------------------
Finished Technology Mapping : Time (s): cpu = 00:00:51 ; elapsed = 00:00:57 . Memory (MB): peak = 903.367 ; gain = 513.871
---------------------------------------------------------------------------------

Report RTL Partitions: 
+-+--------------+------------+----------+
| |RTL Partition |Replication |Instances |
+-+--------------+------------+----------+
+-+--------------+------------+----------+
---------------------------------------------------------------------------------
Start IO Insertion
---------------------------------------------------------------------------------
---------------------------------------------------------------------------------
Start Flattening Before IO Insertion
---------------------------------------------------------------------------------
---------------------------------------------------------------------------------
Finished Flattening Before IO Insertion
---------------------------------------------------------------------------------
---------------------------------------------------------------------------------
Start Final Netlist Cleanup
---------------------------------------------------------------------------------
---------------------------------------------------------------------------------
Finished Final Netlist Cleanup
---------------------------------------------------------------------------------
---------------------------------------------------------------------------------
Finished IO Insertion : Time (s): cpu = 00:00:53 ; elapsed = 00:00:59 . Memory (MB): peak = 903.367 ; gain = 513.871
---------------------------------------------------------------------------------

Report Check Netlist: 
+------+------------------+-------+---------+-------+------------------+
|      |Item              |Errors |Warnings |Status |Description       |
+------+------------------+-------+---------+-------+------------------+
|1     |multi_driven_nets |      0|        0|Passed |Multi driven nets |
+------+------------------+-------+---------+-------+------------------+
---------------------------------------------------------------------------------
Start Renaming Generated Instances
---------------------------------------------------------------------------------
---------------------------------------------------------------------------------
Finished Renaming Generated Instances : Time (s): cpu = 00:00:53 ; elapsed = 00:00:59 . Memory (MB): peak = 903.367 ; gain = 513.871
---------------------------------------------------------------------------------

Report RTL Partitions: 
+-+--------------+------------+----------+
| |RTL Partition |Replication |Instances |
+-+--------------+------------+----------+
+-+--------------+------------+----------+
---------------------------------------------------------------------------------
Start Rebuilding User Hierarchy
---------------------------------------------------------------------------------
---------------------------------------------------------------------------------
Finished Rebuilding User Hierarchy : Time (s): cpu = 00:00:53 ; elapsed = 00:00:59 . Memory (MB): peak = 903.367 ; gain = 513.871
---------------------------------------------------------------------------------
---------------------------------------------------------------------------------
Start Renaming Generated Ports
---------------------------------------------------------------------------------
---------------------------------------------------------------------------------
Finished Renaming Generated Ports : Time (s): cpu = 00:00:53 ; elapsed = 00:00:59 . Memory (MB): peak = 903.367 ; gain = 513.871
---------------------------------------------------------------------------------
---------------------------------------------------------------------------------
Start Handling Custom Attributes
---------------------------------------------------------------------------------
---------------------------------------------------------------------------------
Finished Handling Custom Attributes : Time (s): cpu = 00:00:53 ; elapsed = 00:00:59 . Memory (MB): peak = 903.367 ; gain = 513.871
---------------------------------------------------------------------------------
---------------------------------------------------------------------------------
Start Renaming Generated Nets
---------------------------------------------------------------------------------
---------------------------------------------------------------------------------
Finished Renaming Generated Nets : Time (s): cpu = 00:00:53 ; elapsed = 00:00:59 . Memory (MB): peak = 903.367 ; gain = 513.871
---------------------------------------------------------------------------------
---------------------------------------------------------------------------------
Start Writing Synthesis Report
---------------------------------------------------------------------------------

Report BlackBoxes: 
+-+--------------+----------+
| |BlackBox name |Instances |
+-+--------------+----------+
+-+--------------+----------+

Report Cell Usage: 
+------+-----+------+
|      |Cell |Count |
+------+-----+------+
|1     |LUT1 |     1|
|2     |LUT2 |     2|
|3     |LUT3 |     4|
|4     |LUT4 |     3|
|5     |LUT5 |     3|
|6     |LUT6 |    18|
|7     |FDRE |    13|
|8     |FDSE |     1|
+------+-----+------+

Report Instance Areas: 
+------+---------------------------------+------------------+------+
|      |Instance                         |Module            |Cells |
+------+---------------------------------+------------------+------+
|1     |top                              |                  |    45|
|2     |  U0                             |axi_bram_ctrl     |    45|
|3     |    \gext_inst.abcv4_0_ext_inst  |axi_bram_ctrl_top |    45|
|4     |      \GEN_AXI4LITE.I_AXI_LITE   |axi_lite          |    43|
+------+---------------------------------+------------------+------+
---------------------------------------------------------------------------------
Finished Writing Synthesis Report : Time (s): cpu = 00:00:53 ; elapsed = 00:00:59 . Memory (MB): peak = 903.367 ; gain = 513.871
---------------------------------------------------------------------------------
Synthesis finished with 0 errors, 0 critical warnings and 180 warnings.
Synthesis Optimization Runtime : Time (s): cpu = 00:00:22 ; elapsed = 00:00:48 . Memory (MB): peak = 903.367 ; gain = 272.270
Synthesis Optimization Complete : Time (s): cpu = 00:00:53 ; elapsed = 00:00:59 . Memory (MB): peak = 903.367 ; gain = 513.871
INFO: [Project 1-571] Translating synthesized netlist
INFO: [Project 1-570] Preparing netlist for logic optimization
INFO: [Opt 31-138] Pushed 0 inverter(s) to 0 load pin(s).
Netlist sorting complete. Time (s): cpu = 00:00:00 ; elapsed = 00:00:00 . Memory (MB): peak = 906.176 ; gain = 0.000
INFO: [Project 1-111] Unisim Transformation Summary:
No Unisim elements were transformed.

INFO: [Common 17-83] Releasing license: Synthesis
30 Infos, 103 Warnings, 0 Critical Warnings and 0 Errors encountered.
synth_design completed successfully
synth_design: Time (s): cpu = 00:00:55 ; elapsed = 00:01:02 . Memory (MB): peak = 906.176 ; gain = 528.191
Netlist sorting complete. Time (s): cpu = 00:00:00 ; elapsed = 00:00:00 . Memory (MB): peak = 906.176 ; gain = 0.000
WARNING: [Constraints 18-5210] No constraints selected for write.
Resolution: This message can indicate that there are no constraints for the design, or it can indicate that the used_in flags are set such that the constraints are ignored. This later case is used when running synth_design to not write synthesis constraints to the resulting checkpoint. Instead, project constraints are read when the synthesized design is opened.
INFO: [Common 17-1381] The checkpoint 'E:/UofTCourse/ECE532/Assignment/proj/proj_p3.runs/design_1_axi_bram_ctrl_0_0_synth_1/design_1_axi_bram_ctrl_0_0.dcp' has been generated.
INFO: [Coretcl 2-1648] Added synthesis output to IP cache for IP design_1_axi_bram_ctrl_0_0, cache-ID = d946fcda2b884dd8
INFO: [Coretcl 2-1174] Renamed 3 cell refs.
Netlist sorting complete. Time (s): cpu = 00:00:00 ; elapsed = 00:00:00 . Memory (MB): peak = 906.176 ; gain = 0.000
WARNING: [Constraints 18-5210] No constraints selected for write.
Resolution: This message can indicate that there are no constraints for the design, or it can indicate that the used_in flags are set such that the constraints are ignored. This later case is used when running synth_design to not write synthesis constraints to the resulting checkpoint. Instead, project constraints are read when the synthesized design is opened.
INFO: [Common 17-1381] The checkpoint 'E:/UofTCourse/ECE532/Assignment/proj/proj_p3.runs/design_1_axi_bram_ctrl_0_0_synth_1/design_1_axi_bram_ctrl_0_0.dcp' has been generated.
INFO: [runtcl-4] Executing : report_utilization -file design_1_axi_bram_ctrl_0_0_utilization_synth.rpt -pb design_1_axi_bram_ctrl_0_0_utilization_synth.pb
INFO: [Common 17-206] Exiting Vivado at Sat Feb 12 20:49:42 2022...
