12:30:13 INFO  : Registering command handlers for SDK TCF services
12:30:13 INFO  : Launching XSCT server: xsct.bat -interactive C:\Users\dongxuen\fpga1+script\fpga_1_323\dm_server\demo_group.sdk\temp_xsdb_launch_script.tcl
12:30:15 INFO  : XSCT server has started successfully.
12:30:15 INFO  : Successfully done setting XSCT server connection channel  
12:30:16 INFO  : Successfully done setting SDK workspace  
12:30:16 INFO  : Processing command line option -hwspec C:/Users/dongxuen/fpga1+script/fpga_1_323/dm_server/demo_group.sdk/design_1_wrapper.hdf.
12:31:33 INFO  : Refreshed build settings on project dm_server
12:32:02 INFO  : Connected to target on host '127.0.0.1' and port '3121'.
12:32:04 INFO  : 'targets -set -filter {jtag_cable_name =~ "Digilent Nexys4DDR 210292646033A" && level==0} -index 0' command is executed.
12:32:06 INFO  : FPGA configured successfully with bitstream "C:/Users/dongxuen/fpga1+script/fpga_1_323/dm_server/demo_group.sdk/design_1_wrapper_hw_platform_0/download.bit"
12:33:51 INFO  : 'targets -set -filter {jtag_cable_name =~ "Digilent Nexys4DDR 210292646033A" && level==0} -index 0' command is executed.
12:33:51 INFO  : 'fpga -state' command is executed.
12:33:51 INFO  : Connected to target on host '127.0.0.1' and port '3121'.
12:33:51 INFO  : Jtag cable 'Digilent Nexys4DDR 210292646033A' is selected.
12:33:51 INFO  : 'jtag frequency' command is executed.
12:33:51 INFO  : 'configparams mdm-detect-bscan-mask 2' command is executed.
12:33:51 INFO  : Context for processor 'microblaze_0' is selected.
12:33:51 INFO  : System reset is completed.
12:33:54 INFO  : 'after 3000' command is executed.
12:33:54 INFO  : Context for processor 'microblaze_0' is selected.
12:33:55 INFO  : The application 'C:/Users/dongxuen/fpga1+script/fpga_1_323/dm_server/demo_group.sdk/dm_server/Debug/dm_server.elf' is downloaded to processor 'microblaze_0'.
12:33:55 INFO  : ----------------XSDB Script----------------
connect -url tcp:127.0.0.1:3121
configparams mdm-detect-bscan-mask 2
targets -set -nocase -filter {name =~ "microblaze*#0" && bscan=="USER2"  && jtag_cable_name =~ "Digilent Nexys4DDR 210292646033A"} -index 0
rst -system
after 3000
targets -set -nocase -filter {name =~ "microblaze*#0" && bscan=="USER2"  && jtag_cable_name =~ "Digilent Nexys4DDR 210292646033A"} -index 0
dow C:/Users/dongxuen/fpga1+script/fpga_1_323/dm_server/demo_group.sdk/dm_server/Debug/dm_server.elf
----------------End of Script----------------

12:33:55 INFO  : Context for processor 'microblaze_0' is selected.
12:33:55 INFO  : 'con' command is executed.
12:33:55 INFO  : ----------------XSDB Script (After Launch)----------------
targets -set -nocase -filter {name =~ "microblaze*#0" && bscan=="USER2"  && jtag_cable_name =~ "Digilent Nexys4DDR 210292646033A"} -index 0
con
----------------End of Script----------------

12:33:55 INFO  : Disconnected from the channel tcfchan#1.
