Copyright 1986-2018 Xilinx, Inc. All Rights Reserved.
------------------------------------------------------------------------------------
| Tool Version : Vivado v.2018.3 (win64) Build 2405991 Thu Dec  6 23:38:27 MST 2018
| Date         : Tue Apr 12 21:45:54 2022
| Host         : DESKTOP-EU22PUG running 64-bit major release  (build 9200)
| Command      : upgrade_ip
| Device       : xc7a100tcsg324-1
------------------------------------------------------------------------------------

Upgrade Log for IP 'design_1_fpga1_top_master_bram_0_0'

1. Summary
----------

SUCCESS in the upgrade of design_1_fpga1_top_master_bram_0_0 (xilinx.com:user:fpga1_top_master_bram:1.0) from (Rev. 11) to (Rev. 12)






Copyright 1986-2018 Xilinx, Inc. All Rights Reserved.
------------------------------------------------------------------------------------
| Tool Version : Vivado v.2018.3 (win64) Build 2405991 Thu Dec  6 23:38:27 MST 2018
| Date         : Tue Apr 12 21:42:35 2022
| Host         : DESKTOP-EU22PUG running 64-bit major release  (build 9200)
| Command      : upgrade_ip
| Device       : xc7a100tcsg324-1
------------------------------------------------------------------------------------

Upgrade Log for IP 'design_1_fpga1_top_master_bram_0_0'

1. Summary
----------

SUCCESS in the conversion of design_1_fpga1_top_master_bram_0_0 (xilinx.com:user:fpga1_top_master_bram:1.0 (Rev. 11)) to Vivado generation flows.






Copyright 1986-2018 Xilinx, Inc. All Rights Reserved.
------------------------------------------------------------------------------------
| Tool Version : Vivado v.2018.3 (win64) Build 2405991 Thu Dec  6 23:38:27 MST 2018
| Date         : Tue Apr 12 21:40:56 2022
| Host         : DESKTOP-EU22PUG running 64-bit major release  (build 9200)
| Command      : upgrade_ip
| Device       : xc7a100tcsg324-1
------------------------------------------------------------------------------------

Upgrade Log for IP 'design_1_fpga1_top_master_bram_0_0'

1. Summary
----------

SUCCESS in the upgrade of design_1_fpga1_top_master_bram_0_0 (xilinx.com:user:fpga1_top_master_bram:1.0) from (Rev. 10) to (Rev. 11)






Copyright 1986-2018 Xilinx, Inc. All Rights Reserved.
------------------------------------------------------------------------------------
| Tool Version : Vivado v.2018.3 (win64) Build 2405991 Thu Dec  6 23:38:27 MST 2018
| Date         : Sat Mar  5 22:50:11 2022
| Host         : DESKTOP-EU22PUG running 64-bit major release  (build 9200)
| Command      : upgrade_ip
| Device       : xc7a100tcsg324-1
------------------------------------------------------------------------------------

Upgrade Log for IP 'design_1_fpga1_top_slv_0_0'

1. Summary
----------

SUCCESS in the upgrade of design_1_fpga1_top_slv_0_0 (xilinx.com:user:fpga1_top_slv:1.0) from (Rev. 3) to (Rev. 4)






Copyright 1986-2018 Xilinx, Inc. All Rights Reserved.
------------------------------------------------------------------------------------
| Tool Version : Vivado v.2018.3 (win64) Build 2405991 Thu Dec  6 23:38:27 MST 2018
| Date         : Sat Mar  5 22:50:11 2022
| Host         : DESKTOP-EU22PUG running 64-bit major release  (build 9200)
| Command      : upgrade_ip
| Device       : xc7a100tcsg324-1
------------------------------------------------------------------------------------

Upgrade Log for IP 'design_1_fpga1_top_master_bram_0_0'

1. Summary
----------

SUCCESS in the upgrade of design_1_fpga1_top_master_bram_0_0 (xilinx.com:user:fpga1_top_master_bram:1.0) from (Rev. 9) to (Rev. 10)






Copyright 1986-2018 Xilinx, Inc. All Rights Reserved.
------------------------------------------------------------------------------------
| Tool Version : Vivado v.2018.3 (win64) Build 2405991 Thu Dec  6 23:38:27 MST 2018
| Date         : Sat Mar  5 22:27:35 2022
| Host         : DESKTOP-EU22PUG running 64-bit major release  (build 9200)
| Command      : upgrade_ip
| Device       : xc7a100tcsg324-1
------------------------------------------------------------------------------------

Upgrade Log for IP 'design_1_fpga1_top_master_bram_0_0'

1. Summary
----------

SUCCESS in the upgrade of design_1_fpga1_top_master_bram_0_0 (xilinx.com:user:fpga1_top_master_bram:1.0) from (Rev. 8) to (Rev. 9)






Copyright 1986-2018 Xilinx, Inc. All Rights Reserved.
------------------------------------------------------------------------------------
| Tool Version : Vivado v.2018.3 (win64) Build 2405991 Thu Dec  6 23:38:27 MST 2018
| Date         : Sat Mar  5 16:53:32 2022
| Host         : DESKTOP-EU22PUG running 64-bit major release  (build 9200)
| Command      : upgrade_ip
| Device       : xc7a100tcsg324-1
------------------------------------------------------------------------------------

Upgrade Log for IP 'design_1_fpga1_top_master_bram_0_0'

1. Summary
----------

SUCCESS in the upgrade of design_1_fpga1_top_master_bram_0_0 (xilinx.com:user:fpga1_top_master_bram:1.0) from (Rev. 7) to (Rev. 8)






Copyright 1986-2018 Xilinx, Inc. All Rights Reserved.
------------------------------------------------------------------------------------
| Tool Version : Vivado v.2018.3 (win64) Build 2405991 Thu Dec  6 23:38:27 MST 2018
| Date         : Sat Mar  5 16:53:32 2022
| Host         : DESKTOP-EU22PUG running 64-bit major release  (build 9200)
| Command      : upgrade_ip
| Device       : xc7a100tcsg324-1
------------------------------------------------------------------------------------

Upgrade Log for IP 'design_1_fpga1_top_0_0'

1. Summary
----------

SUCCESS in the upgrade of design_1_fpga1_top_0_0 (xilinx.com:user:fpga1_top:1.0) from (Rev. 6) to (Rev. 10)






Copyright 1986-2018 Xilinx, Inc. All Rights Reserved.
------------------------------------------------------------------------------------
| Tool Version : Vivado v.2018.3 (win64) Build 2405991 Thu Dec  6 23:38:27 MST 2018
| Date         : Fri Mar  4 21:47:29 2022
| Host         : DESKTOP-EU22PUG running 64-bit major release  (build 9200)
| Command      : upgrade_ip
| Device       : xc7a100tcsg324-1
------------------------------------------------------------------------------------

Upgrade Log for IP 'design_1_fpga1_top_master_bram_0_0'

1. Summary
----------

SUCCESS in the upgrade of design_1_fpga1_top_master_bram_0_0 (xilinx.com:user:fpga1_top_master_bram:1.0) from (Rev. 6) to (Rev. 7)






Copyright 1986-2018 Xilinx, Inc. All Rights Reserved.
------------------------------------------------------------------------------------
| Tool Version : Vivado v.2018.3 (win64) Build 2405991 Thu Dec  6 23:38:27 MST 2018
| Date         : Fri Mar  4 20:27:20 2022
| Host         : DESKTOP-EU22PUG running 64-bit major release  (build 9200)
| Command      : upgrade_ip
| Device       : xc7a100tcsg324-1
------------------------------------------------------------------------------------

Upgrade Log for IP 'design_1_fpga1_top_master_bram_0_0'

1. Summary
----------

SUCCESS in the upgrade of design_1_fpga1_top_master_bram_0_0 (xilinx.com:user:fpga1_top_master_bram:1.0) from (Rev. 5) to (Rev. 6)

