#-----------------------------------------------------------
# Vivado v2018.3 (64-bit)
# SW Build 2405991 on Thu Dec  6 23:38:27 MST 2018
# IP Build 2404404 on Fri Dec  7 01:43:56 MST 2018
# Start of session at: Wed Apr 13 13:59:54 2022
# Process ID: 69972
# Current directory: C:/Users/musta/AppData/Roaming/Xilinx/Vivado
# Command line: vivado.exe -gui_launcher_event rodinguilauncherevent57496
# Log file: C:/Users/musta/AppData/Roaming/Xilinx/Vivado/vivado.log
# Journal file: C:/Users/musta/AppData/Roaming/Xilinx/Vivado\vivado.jou
#-----------------------------------------------------------
start_gui
open_project C:/Users/musta/Documents/ECE532/DB_IP/DB_Test7_DDR_4/DB_Test7_DDR_4.xpr
Scanning sources...
Finished scanning sources
INFO: [IP_Flow 19-234] Refreshing IP repositories
INFO: [IP_Flow 19-1700] Loaded user IP repository 'c:/Users/musta/Documents/ECE532/DB_IP/ip_repo/DB_Full1_1.0'.
INFO: [IP_Flow 19-2313] Loaded Vivado IP repository 'C:/Xilinx/Vivado/2018.3/data/ip'.
open_project: Time (s): cpu = 00:00:17 ; elapsed = 00:00:10 . Memory (MB): peak = 976.828 ; gain = 280.227
update_compile_order -fileset sources_1
archive_project C:/Users/musta/Documents/ECE532/DB_IP/Database_Server_Final.xpr.zip -temp_dir C:/Users/musta/AppData/Roaming/Xilinx/Vivado/.Xil/Vivado-69972-DESKTOP-38OJ4KK -force -include_local_ip_cache -include_config_settings
INFO: [Coretcl 2-137] starting archive...
INFO: [Coretcl 2-1499] Saving project copy to temporary location 'C:/Users/musta/AppData/Roaming/Xilinx/Vivado/.Xil/Vivado-69972-DESKTOP-38OJ4KK' for archiving project
Scanning sources...
Finished scanning sources
INFO: [IP_Flow 19-234] Refreshing IP repositories
INFO: [IP_Flow 19-1700] Loaded user IP repository 'c:/Users/musta/Documents/ECE532/DB_IP/ip_repo/DB_Full1_1.0'.
INFO: [IP_Flow 19-2313] Loaded Vivado IP repository 'C:/Xilinx/Vivado/2018.3/data/ip'.
INFO: [Coretcl 2-1211] Creating project copy for archival...
INFO: [ProjectBase 1-495] The host OS only allows 260 characters in a normal path. The project is stored in a path with more than 80 characters. If you experience any problem with archiving the project, please consider setting environment variable $TEMP to a shorter path.
Current project path is 'C:/Users/musta/AppData/Roaming/Xilinx/Vivado/.Xil/Vivado-69972-DESKTOP-38OJ4KK/PrjAr/_X_'.
INFO: [Coretcl 2-1213] Including run results for 'synth_1'
INFO: [Coretcl 2-1213] Including run results for 'T5_lmb_bram_0_synth_1'
INFO: [Coretcl 2-1213] Including run results for 'T5_microblaze_0_0_synth_1'
INFO: [Coretcl 2-1213] Including run results for 'T5_ila_0_0_synth_1'
INFO: [Coretcl 2-1213] Including run results for 'T5_DB_Full1_0_0_synth_1'
INFO: [Coretcl 2-1213] Including run results for 'T5_xbar_2_synth_1'
INFO: [Coretcl 2-1213] Including run results for 'impl_1'
INFO: [Coretcl 2-133] re-setting run 'T5_lmb_bram_0_impl_1'...
INFO: [Coretcl 2-133] re-setting run 'T5_microblaze_0_0_impl_1'...
INFO: [Coretcl 2-133] re-setting run 'T5_ila_0_0_impl_1'...
INFO: [Coretcl 2-133] re-setting run 'T5_DB_Full1_0_0_impl_1'...
INFO: [Coretcl 2-133] re-setting run 'T5_xbar_2_impl_1'...
INFO: [Coretcl 2-1212] Importing remotely added design sources and verilog include files (if any)...
INFO: [filemgmt 20-334] All file(s) are already imported in fileset: 'T5_DB_Full1_0_0'
INFO: [filemgmt 20-348] Importing the appropriate files for fileset: 'T5_DB_Full1_0_0'
INFO: [filemgmt 20-334] All file(s) are already imported in fileset: 'T5_ila_0_0'
INFO: [filemgmt 20-348] Importing the appropriate files for fileset: 'T5_ila_0_0'
INFO: [filemgmt 20-334] All file(s) are already imported in fileset: 'T5_lmb_bram_0'
INFO: [filemgmt 20-348] Importing the appropriate files for fileset: 'T5_lmb_bram_0'
INFO: [filemgmt 20-334] All file(s) are already imported in fileset: 'T5_microblaze_0_0'
INFO: [filemgmt 20-348] Importing the appropriate files for fileset: 'T5_microblaze_0_0'
INFO: [filemgmt 20-334] All file(s) are already imported in fileset: 'T5_xbar_2'
INFO: [filemgmt 20-348] Importing the appropriate files for fileset: 'T5_xbar_2'
INFO: [filemgmt 20-334] All file(s) are already imported in fileset: 'constrs_1'
INFO: [filemgmt 20-348] Importing the appropriate files for fileset: 'constrs_1'
INFO: [filemgmt 20-334] All file(s) are already imported in fileset: 'sources_1'
INFO: [filemgmt 20-348] Importing the appropriate files for fileset: 'sources_1'
INFO: [Coretcl 2-1209] Adding archive summary file to the project...
INFO: [Coretcl 2-1214] Preparing project files for archive...
INFO: [Coretcl 2-1210] Compressing project files and data...
INFO: [Coretcl 2-1215] Project archived (C:/Users/musta/Documents/ECE532/DB_IP/Database_Server_Final.xpr.zip)
INFO: [Coretcl 2-1216] To view the archive summary log in GUI, double click on 'Design Sources->Text->archive_project_summary.txt', or open this file from the archived project directory.
archive_project: Time (s): cpu = 00:00:20 ; elapsed = 00:00:26 . Memory (MB): peak = 1630.516 ; gain = 26.535
archive_project C:/Users/musta/Documents/ECE532/DB_IP/Database_Server_Final_1.xpr.zip -temp_dir C:/Users/musta/AppData/Roaming/Xilinx/Vivado/.Xil/Vivado-69972-DESKTOP-38OJ4KK -force -exclude_run_results -include_config_settings
INFO: [Coretcl 2-137] starting archive...
INFO: [Coretcl 2-1499] Saving project copy to temporary location 'C:/Users/musta/AppData/Roaming/Xilinx/Vivado/.Xil/Vivado-69972-DESKTOP-38OJ4KK' for archiving project
Scanning sources...
Finished scanning sources
INFO: [IP_Flow 19-234] Refreshing IP repositories
INFO: [IP_Flow 19-1700] Loaded user IP repository 'c:/Users/musta/Documents/ECE532/DB_IP/ip_repo/DB_Full1_1.0'.
INFO: [IP_Flow 19-2313] Loaded Vivado IP repository 'C:/Xilinx/Vivado/2018.3/data/ip'.
INFO: [Coretcl 2-1211] Creating project copy for archival...
INFO: [ProjectBase 1-495] The host OS only allows 260 characters in a normal path. The project is stored in a path with more than 80 characters. If you experience any problem with archiving the project, please consider setting environment variable $TEMP to a shorter path.
Current project path is 'C:/Users/musta/AppData/Roaming/Xilinx/Vivado/.Xil/Vivado-69972-DESKTOP-38OJ4KK/PrjAr/_X_'.
INFO: [Coretcl 2-135] resetting runs for excluding generated files from archive...
WARNING: [Coretcl 2-105] Run 'synth_1' is currently active
INFO: [Coretcl 2-133] re-setting run 'synth_1'...
WARNING: [Coretcl 2-105] Run 'T5_lmb_bram_0_synth_1' is currently active
INFO: [Coretcl 2-133] re-setting run 'T5_lmb_bram_0_synth_1'...
WARNING: [Coretcl 2-105] Run 'T5_microblaze_0_0_synth_1' is currently active
INFO: [Coretcl 2-133] re-setting run 'T5_microblaze_0_0_synth_1'...
WARNING: [Coretcl 2-105] Run 'T5_ila_0_0_synth_1' is currently active
INFO: [Coretcl 2-133] re-setting run 'T5_ila_0_0_synth_1'...
WARNING: [Coretcl 2-105] Run 'T5_DB_Full1_0_0_synth_1' is currently active
INFO: [Coretcl 2-133] re-setting run 'T5_DB_Full1_0_0_synth_1'...
WARNING: [Coretcl 2-105] Run 'T5_xbar_2_synth_1' is currently active
INFO: [Coretcl 2-133] re-setting run 'T5_xbar_2_synth_1'...
INFO: [Coretcl 2-133] re-setting run 'impl_1'...
INFO: [Coretcl 2-133] re-setting run 'T5_lmb_bram_0_impl_1'...
INFO: [Coretcl 2-133] re-setting run 'T5_microblaze_0_0_impl_1'...
INFO: [Coretcl 2-133] re-setting run 'T5_ila_0_0_impl_1'...
INFO: [Coretcl 2-133] re-setting run 'T5_DB_Full1_0_0_impl_1'...
INFO: [Coretcl 2-133] re-setting run 'T5_xbar_2_impl_1'...
INFO: [Coretcl 2-1212] Importing remotely added design sources and verilog include files (if any)...
INFO: [filemgmt 20-334] All file(s) are already imported in fileset: 'T5_DB_Full1_0_0'
INFO: [filemgmt 20-348] Importing the appropriate files for fileset: 'T5_DB_Full1_0_0'
INFO: [filemgmt 20-334] All file(s) are already imported in fileset: 'T5_ila_0_0'
INFO: [filemgmt 20-348] Importing the appropriate files for fileset: 'T5_ila_0_0'
INFO: [filemgmt 20-334] All file(s) are already imported in fileset: 'T5_lmb_bram_0'
INFO: [filemgmt 20-348] Importing the appropriate files for fileset: 'T5_lmb_bram_0'
INFO: [filemgmt 20-334] All file(s) are already imported in fileset: 'T5_microblaze_0_0'
INFO: [filemgmt 20-348] Importing the appropriate files for fileset: 'T5_microblaze_0_0'
INFO: [filemgmt 20-334] All file(s) are already imported in fileset: 'T5_xbar_2'
INFO: [filemgmt 20-348] Importing the appropriate files for fileset: 'T5_xbar_2'
INFO: [filemgmt 20-334] All file(s) are already imported in fileset: 'constrs_1'
INFO: [filemgmt 20-348] Importing the appropriate files for fileset: 'constrs_1'
INFO: [filemgmt 20-334] All file(s) are already imported in fileset: 'sources_1'
INFO: [filemgmt 20-348] Importing the appropriate files for fileset: 'sources_1'
INFO: [Coretcl 2-1209] Adding archive summary file to the project...
INFO: [Coretcl 2-1214] Preparing project files for archive...
INFO: [Coretcl 2-1210] Compressing project files and data...
INFO: [Coretcl 2-1215] Project archived (C:/Users/musta/Documents/ECE532/DB_IP/Database_Server_Final_1.xpr.zip)
INFO: [Coretcl 2-1216] To view the archive summary log in GUI, double click on 'Design Sources->Text->archive_project_summary.txt', or open this file from the archived project directory.
archive_project: Time (s): cpu = 00:00:15 ; elapsed = 00:00:22 . Memory (MB): peak = 1630.516 ; gain = 0.000
archive_project C:/Users/musta/Documents/ECE532/DB_IP/DB_Server_Final.xpr.zip -temp_dir C:/Users/musta/AppData/Roaming/Xilinx/Vivado/.Xil/Vivado-69972-DESKTOP-38OJ4KK -force -exclude_run_results
INFO: [Coretcl 2-137] starting archive...
INFO: [Coretcl 2-1499] Saving project copy to temporary location 'C:/Users/musta/AppData/Roaming/Xilinx/Vivado/.Xil/Vivado-69972-DESKTOP-38OJ4KK' for archiving project
Scanning sources...
Finished scanning sources
INFO: [IP_Flow 19-234] Refreshing IP repositories
INFO: [IP_Flow 19-1700] Loaded user IP repository 'c:/Users/musta/Documents/ECE532/DB_IP/ip_repo/DB_Full1_1.0'.
INFO: [IP_Flow 19-2313] Loaded Vivado IP repository 'C:/Xilinx/Vivado/2018.3/data/ip'.
INFO: [Coretcl 2-1211] Creating project copy for archival...
INFO: [ProjectBase 1-495] The host OS only allows 260 characters in a normal path. The project is stored in a path with more than 80 characters. If you experience any problem with archiving the project, please consider setting environment variable $TEMP to a shorter path.
Current project path is 'C:/Users/musta/AppData/Roaming/Xilinx/Vivado/.Xil/Vivado-69972-DESKTOP-38OJ4KK/PrjAr/_X_'.
INFO: [Coretcl 2-135] resetting runs for excluding generated files from archive...
WARNING: [Coretcl 2-105] Run 'synth_1' is currently active
INFO: [Coretcl 2-133] re-setting run 'synth_1'...
WARNING: [Coretcl 2-105] Run 'T5_lmb_bram_0_synth_1' is currently active
INFO: [Coretcl 2-133] re-setting run 'T5_lmb_bram_0_synth_1'...
WARNING: [Coretcl 2-105] Run 'T5_microblaze_0_0_synth_1' is currently active
INFO: [Coretcl 2-133] re-setting run 'T5_microblaze_0_0_synth_1'...
WARNING: [Coretcl 2-105] Run 'T5_ila_0_0_synth_1' is currently active
INFO: [Coretcl 2-133] re-setting run 'T5_ila_0_0_synth_1'...
WARNING: [Coretcl 2-105] Run 'T5_DB_Full1_0_0_synth_1' is currently active
INFO: [Coretcl 2-133] re-setting run 'T5_DB_Full1_0_0_synth_1'...
WARNING: [Coretcl 2-105] Run 'T5_xbar_2_synth_1' is currently active
INFO: [Coretcl 2-133] re-setting run 'T5_xbar_2_synth_1'...
INFO: [Coretcl 2-133] re-setting run 'impl_1'...
INFO: [Coretcl 2-133] re-setting run 'T5_lmb_bram_0_impl_1'...
INFO: [Coretcl 2-133] re-setting run 'T5_microblaze_0_0_impl_1'...
INFO: [Coretcl 2-133] re-setting run 'T5_ila_0_0_impl_1'...
INFO: [Coretcl 2-133] re-setting run 'T5_DB_Full1_0_0_impl_1'...
INFO: [Coretcl 2-133] re-setting run 'T5_xbar_2_impl_1'...
INFO: [Coretcl 2-1212] Importing remotely added design sources and verilog include files (if any)...
INFO: [filemgmt 20-334] All file(s) are already imported in fileset: 'T5_DB_Full1_0_0'
INFO: [filemgmt 20-348] Importing the appropriate files for fileset: 'T5_DB_Full1_0_0'
INFO: [filemgmt 20-334] All file(s) are already imported in fileset: 'T5_ila_0_0'
INFO: [filemgmt 20-348] Importing the appropriate files for fileset: 'T5_ila_0_0'
INFO: [filemgmt 20-334] All file(s) are already imported in fileset: 'T5_lmb_bram_0'
INFO: [filemgmt 20-348] Importing the appropriate files for fileset: 'T5_lmb_bram_0'
INFO: [filemgmt 20-334] All file(s) are already imported in fileset: 'T5_microblaze_0_0'
INFO: [filemgmt 20-348] Importing the appropriate files for fileset: 'T5_microblaze_0_0'
INFO: [filemgmt 20-334] All file(s) are already imported in fileset: 'T5_xbar_2'
INFO: [filemgmt 20-348] Importing the appropriate files for fileset: 'T5_xbar_2'
INFO: [filemgmt 20-334] All file(s) are already imported in fileset: 'constrs_1'
INFO: [filemgmt 20-348] Importing the appropriate files for fileset: 'constrs_1'
INFO: [filemgmt 20-334] All file(s) are already imported in fileset: 'sources_1'
INFO: [filemgmt 20-348] Importing the appropriate files for fileset: 'sources_1'
