Vivado Simulator 2018.3
Copyright 1986-1999, 2001-2018 Xilinx, Inc. All Rights Reserved.
Running: D:/Xilinx/Vivado/2018.3/bin/unwrapped/win64.o/xelab.exe -wto c2488dde1aa44281aab258144b4a4649 --incr --debug typical --relax --mt 2 -L axi_infrastructure_v1_1_0 -L xil_defaultlib -L axi_vip_v1_1_4 -L blk_mem_gen_v8_4_2 -L blk_mem_gen_v8_3_6 -L axi_bram_ctrl_v4_1_0 -L lib_cdc_v1_0_2 -L proc_sys_reset_v5_0_13 -L generic_baseblocks_v2_1_0 -L axi_register_slice_v2_1_18 -L fifo_generator_v13_2_3 -L axi_data_fifo_v2_1_17 -L axi_crossbar_v2_1_19 -L xilinx_vip -L unisims_ver -L unimacro_ver -L secureip -L xpm --snapshot part3_tb_behav xil_defaultlib.part3_tb xil_defaultlib.glbl -log elaborate.log 
Using 2 slave threads.
Starting static elaboration
WARNING: [VRFC 10-3091] actual bit length 19 differs from formal bit length 16 for port 'addra' [E:/UofTCourse/ECE532/project/milestones/fpga1_axi_mb_integration/fpga1_top_tb/proj3/proj_p3.ip_user_files/bd/design_1/ipshared/92f8/src/vga_control.v:232]
WARNING: [VRFC 10-3091] actual bit length 19 differs from formal bit length 15 for port 'addra' [E:/UofTCourse/ECE532/project/milestones/fpga1_axi_mb_integration/fpga1_top_tb/proj3/proj_p3.ip_user_files/bd/design_1/ipshared/92f8/src/vga_control.v:233]
WARNING: [VRFC 10-3091] actual bit length 19 differs from formal bit length 12 for port 'addra' [E:/UofTCourse/ECE532/project/milestones/fpga1_axi_mb_integration/fpga1_top_tb/proj3/proj_p3.ip_user_files/bd/design_1/ipshared/92f8/src/vga_control.v:234]
WARNING: [VRFC 10-3091] actual bit length 19 differs from formal bit length 13 for port 'addra' [E:/UofTCourse/ECE532/project/milestones/fpga1_axi_mb_integration/fpga1_top_tb/proj3/proj_p3.ip_user_files/bd/design_1/ipshared/92f8/src/vga_control.v:235]
WARNING: [VRFC 10-3091] actual bit length 19 differs from formal bit length 14 for port 'addra' [E:/UofTCourse/ECE532/project/milestones/fpga1_axi_mb_integration/fpga1_top_tb/proj3/proj_p3.ip_user_files/bd/design_1/ipshared/92f8/src/vga_control.v:237]
WARNING: [VRFC 10-3091] actual bit length 19 differs from formal bit length 14 for port 'addra' [E:/UofTCourse/ECE532/project/milestones/fpga1_axi_mb_integration/fpga1_top_tb/proj3/proj_p3.ip_user_files/bd/design_1/ipshared/92f8/src/vga_control.v:238]
WARNING: [VRFC 10-3091] actual bit length 19 differs from formal bit length 14 for port 'addra' [E:/UofTCourse/ECE532/project/milestones/fpga1_axi_mb_integration/fpga1_top_tb/proj3/proj_p3.ip_user_files/bd/design_1/ipshared/92f8/src/vga_control.v:239]
WARNING: [VRFC 10-3091] actual bit length 19 differs from formal bit length 14 for port 'addra' [E:/UofTCourse/ECE532/project/milestones/fpga1_axi_mb_integration/fpga1_top_tb/proj3/proj_p3.ip_user_files/bd/design_1/ipshared/92f8/src/vga_control.v:241]
WARNING: [VRFC 10-3091] actual bit length 19 differs from formal bit length 14 for port 'addra' [E:/UofTCourse/ECE532/project/milestones/fpga1_axi_mb_integration/fpga1_top_tb/proj3/proj_p3.ip_user_files/bd/design_1/ipshared/92f8/src/vga_control.v:242]
WARNING: [VRFC 10-3091] actual bit length 19 differs from formal bit length 14 for port 'addra' [E:/UofTCourse/ECE532/project/milestones/fpga1_axi_mb_integration/fpga1_top_tb/proj3/proj_p3.ip_user_files/bd/design_1/ipshared/92f8/src/vga_control.v:243]
WARNING: [VRFC 10-3091] actual bit length 19 differs from formal bit length 14 for port 'addra' [E:/UofTCourse/ECE532/project/milestones/fpga1_axi_mb_integration/fpga1_top_tb/proj3/proj_p3.ip_user_files/bd/design_1/ipshared/92f8/src/vga_control.v:245]
WARNING: [VRFC 10-3091] actual bit length 19 differs from formal bit length 14 for port 'addra' [E:/UofTCourse/ECE532/project/milestones/fpga1_axi_mb_integration/fpga1_top_tb/proj3/proj_p3.ip_user_files/bd/design_1/ipshared/92f8/src/vga_control.v:246]
WARNING: [VRFC 10-3091] actual bit length 19 differs from formal bit length 14 for port 'addra' [E:/UofTCourse/ECE532/project/milestones/fpga1_axi_mb_integration/fpga1_top_tb/proj3/proj_p3.ip_user_files/bd/design_1/ipshared/92f8/src/vga_control.v:247]
WARNING: [VRFC 10-3091] actual bit length 19 differs from formal bit length 14 for port 'addra' [E:/UofTCourse/ECE532/project/milestones/fpga1_axi_mb_integration/fpga1_top_tb/proj3/proj_p3.ip_user_files/bd/design_1/ipshared/92f8/src/vga_control.v:249]
Completed static elaboration
Starting simulation data flow analysis
Completed simulation data flow analysis
Time Resolution for simulation is 1ps
Compiling package std.standard
Compiling package std.textio
Compiling package ieee.std_logic_1164
Compiling package ieee.numeric_std
Compiling package ieee.std_logic_arith
Compiling package xpm.vcomponents
Compiling package axi_bram_ctrl_v4_1_0.axi_bram_ctrl_funcs
Compiling package unisim.vcomponents
Compiling package ieee.vital_timing
Compiling package ieee.vital_primitives
Compiling package unisim.vpkg
Compiling package synopsys.attributes
Compiling package ieee.std_logic_misc
Compiling package xilinx_vip.axi_vip_pkg
Compiling package xilinx_vip.xil_common_vip_pkg
Compiling package std.std
Compiling architecture implementation of entity axi_bram_ctrl_v4_1_0.axi_lite [\axi_lite(c_s_axi_addr_width=12,...]
Compiling architecture implementation of entity axi_bram_ctrl_v4_1_0.axi_bram_ctrl_top [\axi_bram_ctrl_top(c_bram_addr_w...]
Compiling architecture implementation of entity axi_bram_ctrl_v4_1_0.axi_bram_ctrl [\axi_bram_ctrl(c_memory_depth=10...]
Compiling architecture design_1_axi_bram_ctrl_0_0_arch of entity xil_defaultlib.design_1_axi_bram_ctrl_0_0 [design_1_axi_bram_ctrl_0_0_defau...]
Compiling module xil_defaultlib.m00_couplers_imp_1R706YB
Compiling module xil_defaultlib.m01_couplers_imp_3HM21E
Compiling module xil_defaultlib.s00_couplers_imp_7HNO1D
Compiling module xil_defaultlib.s01_couplers_imp_1W60HW0
Compiling module xil_defaultlib.s02_couplers_imp_8NCF02
Compiling module generic_baseblocks_v2_1_0.generic_baseblocks_v2_1_0_mux_en...
Compiling module axi_crossbar_v2_1_19.axi_crossbar_v2_1_19_addr_arbite...
Compiling module generic_baseblocks_v2_1_0.generic_baseblocks_v2_1_0_carry_...
Compiling module generic_baseblocks_v2_1_0.generic_baseblocks_v2_1_0_compar...
Compiling module generic_baseblocks_v2_1_0.generic_baseblocks_v2_1_0_compar...
Compiling module axi_crossbar_v2_1_19.axi_crossbar_v2_1_19_addr_decode...
Compiling module axi_crossbar_v2_1_19.axi_crossbar_v2_1_19_splitter(C_...
Compiling module axi_crossbar_v2_1_19.axi_crossbar_v2_1_19_splitter
Compiling module generic_baseblocks_v2_1_0.generic_baseblocks_v2_1_0_mux_en...
Compiling module generic_baseblocks_v2_1_0.generic_baseblocks_v2_1_0_mux_en...
Compiling module generic_baseblocks_v2_1_0.generic_baseblocks_v2_1_0_mux_en...
Compiling module axi_register_slice_v2_1_18.axi_register_slice_v2_1_18_axic_...
Compiling module generic_baseblocks_v2_1_0.generic_baseblocks_v2_1_0_mux_en...
Compiling module axi_crossbar_v2_1_19.axi_crossbar_v2_1_19_decerr_slav...
Compiling module axi_crossbar_v2_1_19.axi_crossbar_v2_1_19_crossbar_sa...
Compiling module axi_crossbar_v2_1_19.axi_crossbar_v2_1_19_axi_crossba...
Compiling module xil_defaultlib.design_1_xbar_2
Compiling module xil_defaultlib.design_1_axi_mem_intercon_0
Compiling module xilinx_vip.axi_vip_axi4pc(WDATA_WIDTH=32,RD...
Compiling module xilinx_vip.cb
Compiling module xilinx_vip.axi_vip_if(C_AXI_PROTOCOL=2,C_AX...
Compiling module axi_vip_v1_1_4.axi_vip_v1_1_4_top(C_AXI_PROTOCO...
Compiling module xil_defaultlib.design_1_axi_vip_1_0
Compiling module blk_mem_gen_v8_4_2.blk_mem_gen_v8_4_2_output_stage(...
Compiling module blk_mem_gen_v8_4_2.blk_mem_gen_v8_4_2_output_stage(...
Compiling module blk_mem_gen_v8_4_2.blk_mem_gen_v8_4_2_softecc_outpu...
Compiling module blk_mem_gen_v8_4_2.blk_mem_gen_v8_4_2_mem_module(C_...
Compiling module blk_mem_gen_v8_4_2.blk_mem_gen_v8_4_2(C_FAMILY="art...
Compiling module xil_defaultlib.design_1_blk_mem_gen_0_0
Compiling module xil_defaultlib.fsm_control
Compiling module xil_defaultlib.clock_div
Compiling module xil_defaultlib.horizontal_counter
Compiling module xil_defaultlib.vertical_counter
Compiling module xil_defaultlib.character_loc
Compiling module xil_defaultlib.number_offset
Compiling module blk_mem_gen_v8_4_2.blk_mem_gen_v8_4_2_output_stage(...
Compiling module blk_mem_gen_v8_4_2.blk_mem_gen_v8_4_2_output_stage(...
Compiling module blk_mem_gen_v8_4_2.blk_mem_gen_v8_4_2_softecc_outpu...
Compiling module blk_mem_gen_v8_4_2.blk_mem_gen_v8_4_2_mem_module(C_...
Compiling module blk_mem_gen_v8_4_2.blk_mem_gen_v8_4_2(C_FAMILY="art...
Compiling module xil_defaultlib.blk_mem_gen_0
Compiling module blk_mem_gen_v8_4_2.blk_mem_gen_v8_4_2_output_stage(...
Compiling module blk_mem_gen_v8_4_2.blk_mem_gen_v8_4_2_output_stage(...
Compiling module blk_mem_gen_v8_4_2.blk_mem_gen_v8_4_2_softecc_outpu...
Compiling module blk_mem_gen_v8_4_2.blk_mem_gen_v8_4_2_mem_module(C_...
Compiling module blk_mem_gen_v8_4_2.blk_mem_gen_v8_4_2(C_FAMILY="art...
Compiling module xil_defaultlib.blk_mem_gen_1
Compiling module blk_mem_gen_v8_4_2.blk_mem_gen_v8_4_2_output_stage(...
Compiling module blk_mem_gen_v8_4_2.blk_mem_gen_v8_4_2_output_stage(...
Compiling module blk_mem_gen_v8_4_2.blk_mem_gen_v8_4_2_softecc_outpu...
Compiling module blk_mem_gen_v8_4_2.blk_mem_gen_v8_4_2_mem_module(C_...
Compiling module blk_mem_gen_v8_4_2.blk_mem_gen_v8_4_2(C_FAMILY="art...
Compiling module xil_defaultlib.blk_mem_gen_2
Compiling module blk_mem_gen_v8_4_2.blk_mem_gen_v8_4_2_output_stage(...
Compiling module blk_mem_gen_v8_4_2.blk_mem_gen_v8_4_2_output_stage(...
Compiling module blk_mem_gen_v8_4_2.blk_mem_gen_v8_4_2_softecc_outpu...
Compiling module blk_mem_gen_v8_4_2.blk_mem_gen_v8_4_2_mem_module(C_...
Compiling module blk_mem_gen_v8_4_2.blk_mem_gen_v8_4_2(C_FAMILY="art...
Compiling module xil_defaultlib.blk_mem_gen_3
Compiling module blk_mem_gen_v8_4_2.blk_mem_gen_v8_4_2_output_stage(...
Compiling module blk_mem_gen_v8_4_2.blk_mem_gen_v8_4_2_output_stage(...
Compiling module blk_mem_gen_v8_4_2.blk_mem_gen_v8_4_2_softecc_outpu...
Compiling module blk_mem_gen_v8_4_2.blk_mem_gen_v8_4_2_mem_module(C_...
Compiling module blk_mem_gen_v8_4_2.blk_mem_gen_v8_4_2(C_FAMILY="art...
Compiling module xil_defaultlib.blk_mem_gen_4
Compiling module xil_defaultlib.vga_control
Compiling module xil_defaultlib.get_bit
Compiling module xil_defaultlib.data_matrix_get_index
Compiling module xil_defaultlib.dm_decoder_top
Compiling module xil_defaultlib.fpga1_top
Compiling module xil_defaultlib.design_1_fpga1_top_0_0
Compiling module xil_defaultlib.fpga1_top_master_v1_0_M00_AXI(C_...
Compiling module xil_defaultlib.fpga1_top_master_v1_0(C_M00_AXI_...
Compiling module xil_defaultlib.design_1_fpga1_top_master_0_0
Compiling module xil_defaultlib.fpga1_top_master_bram_v1_0_M00_A...
Compiling module xil_defaultlib.fpga1_top_master_bram_v1_0(C_M00...
Compiling module xil_defaultlib.design_1_fpga1_top_master_bram_0...
Compiling module xil_defaultlib.fpga1_top_slv_v1_0_S00_AXI_defau...
Compiling module xil_defaultlib.fpga1_top_slv_v1_0
Compiling module xil_defaultlib.design_1_fpga1_top_slv_0_0
Compiling architecture fdre_v of entity unisim.FDRE [fdre_default]
Compiling architecture fdre_v of entity unisim.FDRE [\FDRE(init='1')\]
Compiling architecture fdr_v of entity unisim.FDR [fdr_default]
Compiling architecture implementation of entity lib_cdc_v1_0_2.cdc_sync [\cdc_sync(c_vector_width=2,c_mtb...]
Compiling architecture srl16e_v of entity unisim.SRL16E [\SRL16E(init="1111111111111111")...]
Compiling architecture srl16_v of entity unisim.SRL16 [\SRL16(init="1111111111111111")(...]
Compiling architecture imp of entity proc_sys_reset_v5_0_13.lpf [\lpf(c_ext_rst_width=4,c_aux_rst...]
Compiling architecture imp of entity proc_sys_reset_v5_0_13.upcnt_n [\upcnt_n(c_size=6)\]
Compiling architecture imp of entity proc_sys_reset_v5_0_13.sequence_psr [sequence_psr_default]
Compiling architecture imp of entity proc_sys_reset_v5_0_13.proc_sys_reset [\proc_sys_reset(c_family="artix7...]
Compiling architecture design_1_proc_sys_reset_0_0_arch of entity xil_defaultlib.design_1_proc_sys_reset_0_0 [design_1_proc_sys_reset_0_0_defa...]
Compiling module xil_defaultlib.design_1
Compiling module xil_defaultlib.design_1_wrapper
Compiling module xil_defaultlib.axi_lite_stimulus_1
Compiling module xil_defaultlib.part3_tb
Compiling module xil_defaultlib.glbl
Built simulation snapshot part3_tb_behav
