Vivado Simulator 2018.3
Time resolution is 1 ps
XilinxAXIVIP: Found at Path: part3_tb.DUT.design_1_i.axi_vip_1.inst
Block Memory Generator module part3_tb.DUT.design_1_i.blk_mem_gen_0.inst.native_mem_mapped_module.blk_mem_gen_v8_4_2_inst is using a behavioral model for simulation which will not precisely model memory collision behavior.
 Block Memory Generator module loading initial data...
 Block Memory Generator data initialization complete.
Block Memory Generator module part3_tb.DUT.design_1_i.fpga1_top_0.inst.vga_1.FR_1.inst.native_mem_module.blk_mem_gen_v8_4_2_inst is using a behavioral model for simulation which will not precisely model memory collision behavior.
 Block Memory Generator module loading initial data...
 Block Memory Generator data initialization complete.
Block Memory Generator module part3_tb.DUT.design_1_i.fpga1_top_0.inst.vga_1.FR_2.inst.native_mem_module.blk_mem_gen_v8_4_2_inst is using a behavioral model for simulation which will not precisely model memory collision behavior.
 Block Memory Generator module loading initial data...
 Block Memory Generator data initialization complete.
Block Memory Generator module part3_tb.DUT.design_1_i.fpga1_top_0.inst.vga_1.num.inst.native_mem_module.blk_mem_gen_v8_4_2_inst is using a behavioral model for simulation which will not precisely model memory collision behavior.
 Block Memory Generator module loading initial data...
 Block Memory Generator data initialization complete.
Block Memory Generator module part3_tb.DUT.design_1_i.fpga1_top_0.inst.vga_1.access.inst.native_mem_module.blk_mem_gen_v8_4_2_inst is using a behavioral model for simulation which will not precisely model memory collision behavior.
 Block Memory Generator module loading initial data...
 Block Memory Generator data initialization complete.
Block Memory Generator module part3_tb.DUT.design_1_i.fpga1_top_0.inst.vga_1.name_by_char.inst.native_mem_module.blk_mem_gen_v8_4_2_inst is using a behavioral model for simulation which will not precisely model memory collision behavior.
 Block Memory Generator module loading initial data...
 Block Memory Generator data initialization complete.
Block Memory Generator module part3_tb.DUT.design_1_i.fpga1_top_0.inst.vga_1.name_by_char1.inst.native_mem_module.blk_mem_gen_v8_4_2_inst is using a behavioral model for simulation which will not precisely model memory collision behavior.
 Block Memory Generator module loading initial data...
 Block Memory Generator data initialization complete.
Block Memory Generator module part3_tb.DUT.design_1_i.fpga1_top_0.inst.vga_1.name_by_char2.inst.native_mem_module.blk_mem_gen_v8_4_2_inst is using a behavioral model for simulation which will not precisely model memory collision behavior.
 Block Memory Generator module loading initial data...
 Block Memory Generator data initialization complete.
Block Memory Generator module part3_tb.DUT.design_1_i.fpga1_top_0.inst.vga_1.name_by_char3.inst.native_mem_module.blk_mem_gen_v8_4_2_inst is using a behavioral model for simulation which will not precisely model memory collision behavior.
 Block Memory Generator module loading initial data...
 Block Memory Generator data initialization complete.
Block Memory Generator module part3_tb.DUT.design_1_i.fpga1_top_0.inst.vga_1.name_by_char4.inst.native_mem_module.blk_mem_gen_v8_4_2_inst is using a behavioral model for simulation which will not precisely model memory collision behavior.
 Block Memory Generator module loading initial data...
 Block Memory Generator data initialization complete.
Block Memory Generator module part3_tb.DUT.design_1_i.fpga1_top_0.inst.vga_1.name_by_char5.inst.native_mem_module.blk_mem_gen_v8_4_2_inst is using a behavioral model for simulation which will not precisely model memory collision behavior.
 Block Memory Generator module loading initial data...
 Block Memory Generator data initialization complete.
Block Memory Generator module part3_tb.DUT.design_1_i.fpga1_top_0.inst.vga_1.name_by_char6.inst.native_mem_module.blk_mem_gen_v8_4_2_inst is using a behavioral model for simulation which will not precisely model memory collision behavior.
 Block Memory Generator module loading initial data...
 Block Memory Generator data initialization complete.
Block Memory Generator module part3_tb.DUT.design_1_i.fpga1_top_0.inst.vga_1.name_by_char7.inst.native_mem_module.blk_mem_gen_v8_4_2_inst is using a behavioral model for simulation which will not precisely model memory collision behavior.
 Block Memory Generator module loading initial data...
 Block Memory Generator data initialization complete.
Block Memory Generator module part3_tb.DUT.design_1_i.fpga1_top_0.inst.vga_1.name_by_char8.inst.native_mem_module.blk_mem_gen_v8_4_2_inst is using a behavioral model for simulation which will not precisely model memory collision behavior.
 Block Memory Generator module loading initial data...
 Block Memory Generator data initialization complete.
Block Memory Generator module part3_tb.DUT.design_1_i.fpga1_top_0.inst.vga_1.name_by_char9.inst.native_mem_module.blk_mem_gen_v8_4_2_inst is using a behavioral model for simulation which will not precisely model memory collision behavior.
Executing Axi4 End Of Simulation checks
